mode: set
TokoGadget/main.go:9.13,15.2 3 0
TokoGadget/internal/factory/factory.go:25.32,56.2 23 0
TokoGadget/configs/cloudinary.go:9.58,13.16 3 0
TokoGadget/configs/cloudinary.go:13.16,15.3 1 0
TokoGadget/configs/cloudinary.go:16.2,16.17 1 0
TokoGadget/configs/configs.go:20.29,22.16 2 0
TokoGadget/configs/configs.go:22.16,25.3 2 0
TokoGadget/configs/configs.go:27.2,27.32 1 0
TokoGadget/configs/configs.go:29.31,31.16 2 0
TokoGadget/configs/configs.go:31.16,34.3 2 0
TokoGadget/configs/configs.go:36.2,36.33 1 0
TokoGadget/configs/configs.go:39.30,42.16 3 0
TokoGadget/configs/configs.go:42.16,44.3 1 0
TokoGadget/configs/configs.go:45.2,50.15 6 0
TokoGadget/configs/configs.go:53.45,56.16 3 0
TokoGadget/configs/configs.go:56.16,57.57 1 0
TokoGadget/configs/configs.go:59.2,59.16 1 0
TokoGadget/internal/features/detail_transactions/handler/response.go:28.96,31.25 2 0
TokoGadget/internal/features/detail_transactions/handler/response.go:31.25,33.3 1 0
TokoGadget/internal/features/detail_transactions/handler/response.go:35.2,44.3 1 0
TokoGadget/internal/features/detail_transactions/handler/transactions.go:18.109,23.2 1 0
TokoGadget/internal/features/detail_transactions/handler/transactions.go:25.71,30.16 3 0
TokoGadget/internal/features/detail_transactions/handler/transactions.go:30.16,32.3 1 0
TokoGadget/internal/features/detail_transactions/handler/transactions.go:34.2,34.146 1 0
TokoGadget/internal/features/detail_transactions/handler/transactions.go:37.70,43.16 4 0
TokoGadget/internal/features/detail_transactions/handler/transactions.go:43.16,45.3 1 0
TokoGadget/internal/features/detail_transactions/handler/transactions.go:47.2,48.16 2 0
TokoGadget/internal/features/detail_transactions/handler/transactions.go:48.16,50.3 1 0
TokoGadget/internal/features/detail_transactions/handler/transactions.go:52.2,52.117 1 0
TokoGadget/internal/features/detail_transactions/handler/transactions.go:55.71,59.16 3 0
TokoGadget/internal/features/detail_transactions/handler/transactions.go:59.16,61.3 1 0
TokoGadget/internal/features/detail_transactions/handler/transactions.go:63.2,64.13 2 0
TokoGadget/internal/features/detail_transactions/handler/transactions.go:64.13,66.3 1 0
TokoGadget/internal/features/detail_transactions/handler/transactions.go:67.2,67.16 1 0
TokoGadget/internal/features/detail_transactions/handler/transactions.go:67.16,69.3 1 0
TokoGadget/internal/features/detail_transactions/handler/transactions.go:71.2,71.122 1 0
TokoGadget/internal/features/detail_transactions/handler/transactions.go:74.71,79.16 3 0
TokoGadget/internal/features/detail_transactions/handler/transactions.go:79.16,81.3 1 0
TokoGadget/internal/features/detail_transactions/handler/transactions.go:83.2,83.113 1 0
TokoGadget/internal/features/detail_transactions/repository/query.go:14.71,18.2 1 0
TokoGadget/internal/features/detail_transactions/repository/query.go:20.103,25.16 4 0
TokoGadget/internal/features/detail_transactions/repository/query.go:25.16,27.3 1 0
TokoGadget/internal/features/detail_transactions/repository/query.go:29.2,29.20 1 0
TokoGadget/internal/features/detail_transactions/repository/query.go:32.81,37.16 4 0
TokoGadget/internal/features/detail_transactions/repository/query.go:37.16,39.3 1 0
TokoGadget/internal/features/detail_transactions/repository/query.go:41.2,47.16 3 0
TokoGadget/internal/features/detail_transactions/repository/query.go:47.16,49.3 1 0
TokoGadget/internal/features/detail_transactions/repository/query.go:51.2,51.12 1 0
TokoGadget/internal/features/detail_transactions/repository/query.go:54.81,56.16 2 0
TokoGadget/internal/features/detail_transactions/repository/query.go:56.16,58.3 1 0
TokoGadget/internal/features/detail_transactions/repository/query.go:60.2,60.12 1 0
TokoGadget/internal/features/detail_transactions/repository/query.go:63.90,70.2 4 0
TokoGadget/internal/features/detail_transactions/repository/query.go:72.66,74.16 2 0
TokoGadget/internal/features/detail_transactions/repository/query.go:74.16,76.3 1 0
TokoGadget/internal/features/detail_transactions/repository/query.go:78.2,78.12 1 0
TokoGadget/internal/features/products/services/service.go:14.87,19.2 1 0
TokoGadget/internal/features/products/services/service.go:21.74,23.16 2 0
TokoGadget/internal/features/products/services/service.go:23.16,25.3 1 0
TokoGadget/internal/features/products/services/service.go:26.2,26.12 1 0
TokoGadget/internal/features/products/services/service.go:29.90,32.16 2 0
TokoGadget/internal/features/products/services/service.go:32.16,34.3 1 0
TokoGadget/internal/features/products/services/service.go:36.2,36.18 1 0
TokoGadget/internal/features/products/services/service.go:36.18,38.3 1 0
TokoGadget/internal/features/products/services/service.go:40.2,40.27 1 0
TokoGadget/internal/features/products/services/service.go:43.94,45.16 2 0
TokoGadget/internal/features/products/services/service.go:45.16,47.3 1 0
TokoGadget/internal/features/products/services/service.go:48.2,48.12 1 0
TokoGadget/internal/features/products/services/service.go:51.57,53.16 2 0
TokoGadget/internal/features/products/services/service.go:53.16,55.3 1 0
TokoGadget/internal/features/products/services/service.go:56.2,56.12 1 0
TokoGadget/internal/features/products/services/service.go:59.107,61.16 2 0
TokoGadget/internal/features/products/services/service.go:61.16,63.3 1 0
TokoGadget/internal/features/products/services/service.go:64.2,64.22 1 0
TokoGadget/internal/features/products/services/service.go:67.125,69.16 2 0
TokoGadget/internal/features/products/services/service.go:69.16,71.3 1 0
TokoGadget/internal/features/products/services/service.go:72.2,72.22 1 0
TokoGadget/internal/features/products/services/service.go:75.73,77.16 2 0
TokoGadget/internal/features/products/services/service.go:77.16,79.3 1 0
TokoGadget/internal/features/products/services/service.go:80.2,80.19 1 0
TokoGadget/internal/features/products/services/service.go:83.91,85.16 2 0
TokoGadget/internal/features/products/services/service.go:85.16,87.3 1 0
TokoGadget/internal/features/products/services/service.go:88.2,88.19 1 0
TokoGadget/internal/features/products/repository/data.go:25.54,36.2 1 0
TokoGadget/internal/features/products/repository/data.go:38.52,48.2 1 0
TokoGadget/internal/features/products/repository/query.go:14.59,18.2 1 0
TokoGadget/internal/features/products/repository/query.go:20.71,22.2 1 0
TokoGadget/internal/features/products/repository/query.go:24.87,29.16 4 0
TokoGadget/internal/features/products/repository/query.go:29.16,31.3 1 0
TokoGadget/internal/features/products/repository/query.go:33.2,33.35 1 0
TokoGadget/internal/features/products/repository/query.go:36.54,39.16 3 0
TokoGadget/internal/features/products/repository/query.go:39.16,41.3 1 0
TokoGadget/internal/features/products/repository/query.go:42.2,42.37 1 0
TokoGadget/internal/features/products/repository/query.go:45.98,48.16 3 0
TokoGadget/internal/features/products/repository/query.go:48.16,50.3 1 0
TokoGadget/internal/features/products/repository/query.go:51.2,52.42 2 0
TokoGadget/internal/features/products/repository/query.go:55.104,59.16 3 0
TokoGadget/internal/features/products/repository/query.go:59.16,61.3 1 0
TokoGadget/internal/features/products/repository/query.go:63.2,64.16 2 0
TokoGadget/internal/features/products/repository/query.go:64.16,66.3 1 0
TokoGadget/internal/features/products/repository/query.go:67.2,67.22 1 0
TokoGadget/internal/features/products/repository/query.go:70.122,75.16 3 0
TokoGadget/internal/features/products/repository/query.go:75.16,77.3 1 0
TokoGadget/internal/features/products/repository/query.go:79.2,80.16 2 0
TokoGadget/internal/features/products/repository/query.go:80.16,82.3 1 0
TokoGadget/internal/features/products/repository/query.go:83.2,83.22 1 0
TokoGadget/internal/features/products/repository/query.go:86.70,90.2 3 0
TokoGadget/internal/features/products/repository/query.go:92.88,96.2 3 0
TokoGadget/internal/features/products/handler/products.go:23.98,28.2 1 0
TokoGadget/internal/features/products/handler/products.go:30.60,31.36 1 0
TokoGadget/internal/features/products/handler/products.go:31.36,33.18 2 0
TokoGadget/internal/features/products/handler/products.go:33.18,35.4 1 0
TokoGadget/internal/features/products/handler/products.go:36.3,40.17 3 0
TokoGadget/internal/features/products/handler/products.go:40.17,42.4 1 0
TokoGadget/internal/features/products/handler/products.go:45.3,47.17 2 0
TokoGadget/internal/features/products/handler/products.go:47.17,49.4 1 0
TokoGadget/internal/features/products/handler/products.go:50.3,54.17 3 0
TokoGadget/internal/features/products/handler/products.go:54.17,56.4 1 0
TokoGadget/internal/features/products/handler/products.go:57.3,59.17 3 0
TokoGadget/internal/features/products/handler/products.go:59.17,61.4 1 0
TokoGadget/internal/features/products/handler/products.go:63.3,68.17 4 0
TokoGadget/internal/features/products/handler/products.go:68.17,70.4 1 0
TokoGadget/internal/features/products/handler/products.go:73.3,85.17 3 0
TokoGadget/internal/features/products/handler/products.go:85.17,87.4 1 0
TokoGadget/internal/features/products/handler/products.go:89.3,89.126 1 0
TokoGadget/internal/features/products/handler/products.go:93.64,94.36 1 0
TokoGadget/internal/features/products/handler/products.go:94.36,100.29 4 0
TokoGadget/internal/features/products/handler/products.go:100.29,102.4 1 0
TokoGadget/internal/features/products/handler/products.go:104.3,115.10 8 0
TokoGadget/internal/features/products/handler/products.go:115.10,117.18 2 0
TokoGadget/internal/features/products/handler/products.go:117.18,119.5 1 0
TokoGadget/internal/features/products/handler/products.go:120.4,120.53 1 0
TokoGadget/internal/features/products/handler/products.go:121.9,123.19 2 0
TokoGadget/internal/features/products/handler/products.go:123.19,125.5 1 0
TokoGadget/internal/features/products/handler/products.go:127.4,128.18 2 0
TokoGadget/internal/features/products/handler/products.go:128.18,130.5 1 0
TokoGadget/internal/features/products/handler/products.go:131.4,131.66 1 0
TokoGadget/internal/features/products/handler/products.go:133.3,133.17 1 0
TokoGadget/internal/features/products/handler/products.go:133.17,135.4 1 0
TokoGadget/internal/features/products/handler/products.go:138.3,150.148 4 0
TokoGadget/internal/features/products/handler/products.go:154.64,155.36 1 0
TokoGadget/internal/features/products/handler/products.go:155.36,159.17 3 0
TokoGadget/internal/features/products/handler/products.go:159.17,161.4 1 0
TokoGadget/internal/features/products/handler/products.go:163.3,164.17 2 0
TokoGadget/internal/features/products/handler/products.go:164.17,166.4 1 0
TokoGadget/internal/features/products/handler/products.go:168.3,174.140 2 0
TokoGadget/internal/features/products/handler/products.go:178.67,179.36 1 0
TokoGadget/internal/features/products/handler/products.go:179.36,183.17 3 0
TokoGadget/internal/features/products/handler/products.go:183.17,185.4 1 0
TokoGadget/internal/features/products/handler/products.go:187.3,188.18 2 0
TokoGadget/internal/features/products/handler/products.go:188.18,190.4 1 0
TokoGadget/internal/features/products/handler/products.go:192.3,193.38 2 0
TokoGadget/internal/features/products/handler/products.go:193.38,195.4 1 0
TokoGadget/internal/features/products/handler/products.go:197.3,199.17 3 0
TokoGadget/internal/features/products/handler/products.go:199.17,201.4 1 0
TokoGadget/internal/features/products/handler/products.go:203.3,203.126 1 0
TokoGadget/internal/features/products/handler/products.go:207.63,208.36 1 0
TokoGadget/internal/features/products/handler/products.go:208.36,212.17 3 0
TokoGadget/internal/features/products/handler/products.go:212.17,214.4 1 0
TokoGadget/internal/features/products/handler/products.go:216.3,217.18 2 0
TokoGadget/internal/features/products/handler/products.go:217.18,219.4 1 0
TokoGadget/internal/features/products/handler/products.go:221.3,222.17 2 0
TokoGadget/internal/features/products/handler/products.go:222.17,224.4 1 0
TokoGadget/internal/features/products/handler/products.go:226.3,226.126 1 0
TokoGadget/internal/features/products/handler/request.go:14.83,24.2 1 0
TokoGadget/internal/features/products/handler/response.go:21.60,23.23 2 0
TokoGadget/internal/features/products/handler/response.go:23.23,26.3 2 0
TokoGadget/internal/features/products/handler/response.go:27.2,38.3 1 0
TokoGadget/internal/features/products/handler/response.go:41.72,43.29 2 0
TokoGadget/internal/features/products/handler/response.go:43.29,45.3 1 0
TokoGadget/internal/features/products/handler/response.go:46.2,46.17 1 0
TokoGadget/internal/features/transactions/repository/data.go:19.66,28.2 1 0
TokoGadget/internal/features/transactions/repository/data.go:30.73,33.28 2 0
TokoGadget/internal/features/transactions/repository/data.go:33.28,42.3 1 0
TokoGadget/internal/features/transactions/repository/data.go:44.2,44.15 1 0
TokoGadget/internal/features/transactions/repository/query.go:15.67,19.2 1 0
TokoGadget/internal/features/transactions/repository/query.go:21.66,28.16 3 0
TokoGadget/internal/features/transactions/repository/query.go:28.16,30.3 1 0
TokoGadget/internal/features/transactions/repository/query.go:32.2,32.12 1 0
TokoGadget/internal/features/transactions/repository/query.go:35.100,38.16 3 0
TokoGadget/internal/features/transactions/repository/query.go:38.16,40.3 1 0
TokoGadget/internal/features/transactions/repository/query.go:42.2,42.41 1 0
TokoGadget/internal/features/transactions/repository/query.go:45.94,51.28 4 0
TokoGadget/internal/features/transactions/repository/query.go:51.28,52.31 1 0
TokoGadget/internal/features/transactions/repository/query.go:52.31,54.4 1 0
TokoGadget/internal/features/transactions/repository/query.go:57.2,57.20 1 0
TokoGadget/internal/features/transactions/repository/query.go:61.95,76.30 10 0
TokoGadget/internal/features/transactions/repository/query.go:76.30,78.3 1 0
TokoGadget/internal/features/transactions/repository/query.go:79.2,81.15 3 0
TokoGadget/internal/features/transactions/repository/query.go:85.80,86.28 1 0
TokoGadget/internal/features/transactions/repository/query.go:86.28,91.17 5 0
TokoGadget/internal/features/transactions/repository/query.go:91.17,93.4 1 0
TokoGadget/internal/features/transactions/repository/query.go:96.2,96.12 1 0
TokoGadget/internal/features/transactions/repository/query.go:99.64,101.16 2 0
TokoGadget/internal/features/transactions/repository/query.go:101.16,103.3 1 0
TokoGadget/internal/features/transactions/repository/query.go:105.2,105.12 1 0
TokoGadget/internal/features/transactions/repository/query.go:108.97,111.16 3 0
TokoGadget/internal/features/transactions/repository/query.go:111.16,113.3 1 0
TokoGadget/internal/features/transactions/repository/query.go:115.2,117.28 2 0
TokoGadget/internal/features/transactions/repository/query.go:117.28,121.17 4 0
TokoGadget/internal/features/transactions/repository/query.go:121.17,123.4 1 0
TokoGadget/internal/features/transactions/repository/query.go:125.3,125.28 1 0
TokoGadget/internal/features/transactions/repository/query.go:125.28,127.4 1 0
TokoGadget/internal/features/transactions/repository/query.go:129.3,131.28 2 0
TokoGadget/internal/features/transactions/repository/query.go:131.28,133.4 1 0
TokoGadget/internal/features/transactions/repository/query.go:136.2,136.22 1 0
TokoGadget/internal/features/transactions/repository/query.go:139.98,142.16 3 0
TokoGadget/internal/features/transactions/repository/query.go:142.16,144.3 1 0
TokoGadget/internal/features/transactions/repository/query.go:146.2,151.16 5 0
TokoGadget/internal/features/transactions/repository/query.go:151.16,153.3 1 0
TokoGadget/internal/features/transactions/repository/query.go:155.2,157.28 2 0
TokoGadget/internal/features/transactions/repository/query.go:157.28,159.3 1 0
TokoGadget/internal/features/transactions/repository/query.go:161.2,161.28 1 0
TokoGadget/internal/features/transactions/repository/query.go:161.28,163.3 1 0
TokoGadget/internal/features/transactions/repository/query.go:165.2,165.23 1 0
TokoGadget/internal/features/transactions/repository/query.go:168.73,170.16 2 0
TokoGadget/internal/features/transactions/repository/query.go:170.16,172.3 1 0
TokoGadget/internal/features/transactions/repository/query.go:174.2,174.12 1 0
TokoGadget/internal/features/transactions/repository/query.go:177.80,178.28 1 0
TokoGadget/internal/features/transactions/repository/query.go:178.28,181.17 3 0
TokoGadget/internal/features/transactions/repository/query.go:181.17,183.4 1 0
TokoGadget/internal/features/transactions/repository/query.go:186.2,186.12 1 0
TokoGadget/internal/features/users/services/service.go:22.116,29.2 1 0
TokoGadget/internal/features/users/services/service.go:31.60,34.16 2 0
TokoGadget/internal/features/users/services/service.go:34.16,37.3 2 0
TokoGadget/internal/features/users/services/service.go:39.2,43.16 3 0
TokoGadget/internal/features/users/services/service.go:43.16,46.3 2 0
TokoGadget/internal/features/users/services/service.go:48.2,48.12 1 0
TokoGadget/internal/features/users/services/service.go:51.90,55.16 3 0
TokoGadget/internal/features/users/services/service.go:55.16,58.3 2 0
TokoGadget/internal/features/users/services/service.go:60.2,61.16 2 0
TokoGadget/internal/features/users/services/service.go:61.16,63.52 2 0
TokoGadget/internal/features/users/services/service.go:63.52,65.4 1 0
TokoGadget/internal/features/users/services/service.go:66.3,66.43 1 0
TokoGadget/internal/features/users/services/service.go:69.2,70.16 2 0
TokoGadget/internal/features/users/services/service.go:70.16,72.65 2 0
TokoGadget/internal/features/users/services/service.go:72.65,74.4 1 0
TokoGadget/internal/features/users/services/service.go:75.3,75.43 1 0
TokoGadget/internal/features/users/services/service.go:78.2,79.16 2 0
TokoGadget/internal/features/users/services/service.go:79.16,81.51 2 0
TokoGadget/internal/features/users/services/service.go:81.51,83.4 1 0
TokoGadget/internal/features/users/services/service.go:84.3,84.43 1 0
TokoGadget/internal/features/users/services/service.go:87.2,87.27 1 0
TokoGadget/internal/features/users/services/service.go:91.79,92.136 1 0
TokoGadget/internal/features/users/services/service.go:92.136,94.3 1 0
TokoGadget/internal/features/users/services/service.go:97.2,98.16 2 0
TokoGadget/internal/features/users/services/service.go:98.16,101.3 2 0
TokoGadget/internal/features/users/services/service.go:102.2,103.47 2 0
TokoGadget/internal/features/users/services/service.go:106.70,108.16 2 0
TokoGadget/internal/features/users/services/service.go:108.16,110.3 1 0
TokoGadget/internal/features/users/services/service.go:111.2,111.21 1 0
TokoGadget/internal/features/users/services/service.go:114.58,116.16 2 0
TokoGadget/internal/features/users/services/service.go:116.16,118.3 1 0
TokoGadget/internal/features/users/services/service.go:119.2,119.12 1 0
TokoGadget/internal/helper/response.go:3.97,8.17 5 0
TokoGadget/internal/helper/response.go:8.17,10.3 1 0
TokoGadget/internal/helper/response.go:11.2,11.17 1 0
TokoGadget/internal/helper/response.go:11.17,13.3 1 0
TokoGadget/internal/helper/response.go:14.2,14.15 1 0
TokoGadget/internal/helper/response.go:17.84,23.2 5 0
TokoGadget/internal/helper/response.go:25.129,33.2 1 0
TokoGadget/internal/features/transactions/services/service.go:15.94,20.2 1 0
TokoGadget/internal/features/transactions/services/service.go:22.83,25.18 2 0
TokoGadget/internal/features/transactions/services/service.go:25.18,27.3 1 0
TokoGadget/internal/features/transactions/services/service.go:28.2,32.16 3 0
TokoGadget/internal/features/transactions/services/service.go:32.16,34.3 1 0
TokoGadget/internal/features/transactions/services/service.go:37.2,38.16 2 0
TokoGadget/internal/features/transactions/services/service.go:38.16,40.3 1 0
TokoGadget/internal/features/transactions/services/service.go:42.2,42.22 1 0
TokoGadget/internal/features/transactions/services/service.go:45.91,60.2 6 0
TokoGadget/internal/features/transactions/services/service.go:66.96,68.2 1 0
TokoGadget/internal/features/transactions/services/service.go:70.97,72.2 1 0
TokoGadget/internal/features/transactions/services/service.go:74.76,77.16 3 0
TokoGadget/internal/features/transactions/services/service.go:77.16,79.3 1 0
TokoGadget/internal/features/transactions/services/service.go:81.2,81.48 1 0
TokoGadget/internal/features/transactions/handler/transactions.go:19.99,24.2 1 0
TokoGadget/internal/features/transactions/handler/transactions.go:25.62,28.19 2 0
TokoGadget/internal/features/transactions/handler/transactions.go:28.19,30.6 1 0
TokoGadget/internal/features/transactions/handler/transactions.go:33.5,34.19 2 0
TokoGadget/internal/features/transactions/handler/transactions.go:34.19,36.6 1 0
TokoGadget/internal/features/transactions/handler/transactions.go:38.5,38.26 1 0
TokoGadget/internal/features/transactions/handler/transactions.go:38.26,40.6 1 0
TokoGadget/internal/features/transactions/handler/transactions.go:43.5,48.101 2 0
TokoGadget/internal/features/transactions/handler/transactions.go:51.72,54.37 2 0
TokoGadget/internal/features/transactions/handler/transactions.go:54.37,56.3 1 0
TokoGadget/internal/features/transactions/handler/transactions.go:57.2,59.16 3 0
TokoGadget/internal/features/transactions/handler/transactions.go:59.16,61.3 1 0
TokoGadget/internal/features/transactions/handler/transactions.go:63.2,63.43 1 0
TokoGadget/internal/features/transactions/handler/transactions.go:63.43,65.3 1 0
TokoGadget/internal/features/transactions/handler/transactions.go:67.2,68.16 2 0
TokoGadget/internal/features/transactions/handler/transactions.go:68.16,70.3 1 0
TokoGadget/internal/features/transactions/handler/transactions.go:73.2,73.20 1 0
TokoGadget/internal/features/transactions/handler/transactions.go:73.20,75.3 1 0
TokoGadget/internal/features/transactions/handler/transactions.go:78.2,84.97 2 0
TokoGadget/internal/features/transactions/handler/transactions.go:89.72,92.16 3 0
TokoGadget/internal/features/transactions/handler/transactions.go:92.16,94.3 1 0
TokoGadget/internal/features/transactions/handler/transactions.go:96.2,96.124 1 0
TokoGadget/internal/features/transactions/handler/transactions.go:99.68,102.16 3 0
TokoGadget/internal/features/transactions/handler/transactions.go:102.16,104.3 1 0
TokoGadget/internal/features/transactions/handler/transactions.go:106.2,106.119 1 0
TokoGadget/internal/features/transactions/handler/transactions.go:109.71,112.16 3 0
TokoGadget/internal/features/transactions/handler/transactions.go:112.16,114.3 1 0
TokoGadget/internal/features/transactions/handler/transactions.go:116.2,116.107 1 0
TokoGadget/internal/features/users/repository/data.go:26.42,36.2 1 0
TokoGadget/internal/features/users/repository/data.go:38.41,44.2 1 0
TokoGadget/internal/features/users/repository/query.go:13.52,17.2 1 0
TokoGadget/internal/features/users/repository/query.go:19.57,24.2 3 0
TokoGadget/internal/features/users/repository/query.go:26.62,29.16 3 0
TokoGadget/internal/features/users/repository/query.go:29.16,31.3 1 0
TokoGadget/internal/features/users/repository/query.go:32.2,32.35 1 0
TokoGadget/internal/features/users/repository/query.go:35.75,38.21 3 0
TokoGadget/internal/features/users/repository/query.go:38.21,40.3 1 0
TokoGadget/internal/features/users/repository/query.go:41.2,49.21 8 0
TokoGadget/internal/features/users/repository/query.go:49.21,51.3 1 0
TokoGadget/internal/features/users/repository/query.go:52.2,52.12 1 0
TokoGadget/internal/features/users/repository/query.go:55.71,58.21 3 0
TokoGadget/internal/features/users/repository/query.go:58.21,60.3 1 0
TokoGadget/internal/features/users/repository/query.go:62.2,70.19 2 0
TokoGadget/internal/features/users/repository/query.go:73.55,75.21 2 0
TokoGadget/internal/features/users/repository/query.go:75.21,77.3 1 0
TokoGadget/internal/features/users/repository/query.go:78.2,78.12 1 0
TokoGadget/internal/features/users/handler/request.go:19.49,25.2 1 0
TokoGadget/internal/features/users/handler/request.go:41.92,45.16 3 0
TokoGadget/internal/features/users/handler/request.go:45.16,47.3 1 0
TokoGadget/internal/features/users/handler/request.go:50.2,55.16 3 0
TokoGadget/internal/features/users/handler/request.go:55.16,57.3 1 0
TokoGadget/internal/features/users/handler/request.go:60.2,61.23 2 0
TokoGadget/internal/features/users/handler/response.go:10.65,14.2 1 0
TokoGadget/internal/features/users/handler/response.go:25.54,34.2 1 0
TokoGadget/internal/features/users/handler/users.go:20.87,25.2 1 0
TokoGadget/internal/features/users/handler/users.go:27.55,28.36 1 0
TokoGadget/internal/features/users/handler/users.go:28.36,31.17 3 0
TokoGadget/internal/features/users/handler/users.go:31.17,34.4 2 0
TokoGadget/internal/features/users/handler/users.go:35.3,38.17 3 0
TokoGadget/internal/features/users/handler/users.go:38.17,40.55 2 0
TokoGadget/internal/features/users/handler/users.go:40.55,42.5 1 0
TokoGadget/internal/features/users/handler/users.go:43.4,43.87 1 0
TokoGadget/internal/features/users/handler/users.go:46.3,46.90 1 0
TokoGadget/internal/features/users/handler/users.go:50.52,51.36 1 0
TokoGadget/internal/features/users/handler/users.go:51.36,54.17 3 0
TokoGadget/internal/features/users/handler/users.go:54.17,57.4 2 0
TokoGadget/internal/features/users/handler/users.go:59.3,61.17 2 0
TokoGadget/internal/features/users/handler/users.go:61.17,63.59 2 0
TokoGadget/internal/features/users/handler/users.go:63.59,65.5 1 0
TokoGadget/internal/features/users/handler/users.go:66.4,66.90 1 0
TokoGadget/internal/features/users/handler/users.go:69.3,69.121 1 0
TokoGadget/internal/features/users/handler/users.go:73.56,77.17 3 0
TokoGadget/internal/features/users/handler/users.go:77.17,79.3 1 0
TokoGadget/internal/features/users/handler/users.go:81.2,82.49 2 0
TokoGadget/internal/features/users/handler/users.go:82.49,84.3 1 0
TokoGadget/internal/features/users/handler/users.go:87.2,89.16 3 0
TokoGadget/internal/features/users/handler/users.go:89.16,92.17 2 0
TokoGadget/internal/features/users/handler/users.go:92.17,94.4 1 0
TokoGadget/internal/features/users/handler/users.go:95.3,99.17 3 0
TokoGadget/internal/features/users/handler/users.go:99.17,101.4 1 0
TokoGadget/internal/features/users/handler/users.go:104.2,113.81 2 0
TokoGadget/internal/features/users/handler/users.go:113.81,114.56 1 0
TokoGadget/internal/features/users/handler/users.go:114.56,116.4 1 0
TokoGadget/internal/features/users/handler/users.go:117.3,117.167 1 0
TokoGadget/internal/features/users/handler/users.go:120.2,120.118 1 0
TokoGadget/internal/features/users/handler/users.go:123.60,126.17 3 0
TokoGadget/internal/features/users/handler/users.go:126.17,128.3 1 0
TokoGadget/internal/features/users/handler/users.go:130.2,131.16 2 0
TokoGadget/internal/features/users/handler/users.go:131.16,134.3 2 0
TokoGadget/internal/features/users/handler/users.go:136.2,138.129 2 0
TokoGadget/internal/features/users/handler/users.go:141.56,144.17 3 0
TokoGadget/internal/features/users/handler/users.go:144.17,146.3 1 0
TokoGadget/internal/features/users/handler/users.go:148.2,148.71 1 0
TokoGadget/internal/features/users/handler/users.go:148.71,150.3 1 0
TokoGadget/internal/features/users/handler/users.go:152.2,152.117 1 0
TokoGadget/internal/routes/route.go:15.108,22.2 5 0
TokoGadget/internal/routes/route.go:24.49,30.2 5 0
TokoGadget/internal/routes/route.go:32.79,47.2 13 0
TokoGadget/internal/routes/route.go:49.53,56.2 6 0
TokoGadget/internal/routes/route.go:58.38,65.2 1 0
TokoGadget/internal/utils/jwt.go:17.46,19.2 1 0
TokoGadget/internal/utils/jwt.go:21.68,29.16 7 0
TokoGadget/internal/utils/jwt.go:29.16,31.3 1 0
TokoGadget/internal/utils/jwt.go:32.2,32.20 1 0
TokoGadget/internal/utils/jwt.go:35.60,39.2 3 0
TokoGadget/internal/utils/midtrans.go:19.61,23.2 1 0
TokoGadget/internal/utils/midtrans.go:25.87,48.2 10 0
TokoGadget/internal/utils/password.go:12.52,14.2 1 0
TokoGadget/internal/utils/password.go:16.79,18.16 2 0
TokoGadget/internal/utils/password.go:18.16,20.3 1 0
TokoGadget/internal/utils/password.go:22.2,22.20 1 0
TokoGadget/internal/utils/password.go:25.82,27.2 1 0
TokoGadget/mocks/DTHandler.go:16.56,19.19 2 0
TokoGadget/mocks/DTHandler.go:19.19,20.51 1 0
TokoGadget/mocks/DTHandler.go:23.2,24.57 2 0
TokoGadget/mocks/DTHandler.go:24.57,26.3 1 0
TokoGadget/mocks/DTHandler.go:26.8,28.3 1 0
TokoGadget/mocks/DTHandler.go:30.2,30.11 1 0
TokoGadget/mocks/DTHandler.go:34.57,37.19 2 0
TokoGadget/mocks/DTHandler.go:37.19,38.52 1 0
TokoGadget/mocks/DTHandler.go:41.2,42.57 2 0
TokoGadget/mocks/DTHandler.go:42.57,44.3 1 0
TokoGadget/mocks/DTHandler.go:44.8,46.3 1 0
TokoGadget/mocks/DTHandler.go:48.2,48.11 1 0
TokoGadget/mocks/DTHandler.go:52.57,55.19 2 0
TokoGadget/mocks/DTHandler.go:55.19,56.52 1 0
TokoGadget/mocks/DTHandler.go:59.2,60.57 2 0
TokoGadget/mocks/DTHandler.go:60.57,62.3 1 0
TokoGadget/mocks/DTHandler.go:62.8,64.3 1 0
TokoGadget/mocks/DTHandler.go:66.2,66.11 1 0
TokoGadget/mocks/DTHandler.go:70.57,73.19 2 0
TokoGadget/mocks/DTHandler.go:73.19,74.52 1 0
TokoGadget/mocks/DTHandler.go:77.2,78.57 2 0
TokoGadget/mocks/DTHandler.go:78.57,80.3 1 0
TokoGadget/mocks/DTHandler.go:80.8,82.3 1 0
TokoGadget/mocks/DTHandler.go:84.2,84.11 1 0
TokoGadget/mocks/DTHandler.go:92.15,96.19 3 0
TokoGadget/mocks/DTHandler.go:96.19,96.49 1 0
TokoGadget/mocks/DTHandler.go:98.2,98.13 1 0
TokoGadget/mocks/DTQuery.go:17.56,20.19 2 0
TokoGadget/mocks/DTQuery.go:20.19,21.51 1 0
TokoGadget/mocks/DTQuery.go:24.2,25.55 2 0
TokoGadget/mocks/DTQuery.go:25.55,27.3 1 0
TokoGadget/mocks/DTQuery.go:27.8,29.3 1 0
TokoGadget/mocks/DTQuery.go:31.2,31.11 1 0
TokoGadget/mocks/DTQuery.go:35.66,38.19 2 0
TokoGadget/mocks/DTQuery.go:38.19,39.62 1 0
TokoGadget/mocks/DTQuery.go:42.2,43.54 2 0
TokoGadget/mocks/DTQuery.go:43.54,45.3 1 0
TokoGadget/mocks/DTQuery.go:45.8,47.3 1 0
TokoGadget/mocks/DTQuery.go:49.2,49.11 1 0
TokoGadget/mocks/DTQuery.go:53.47,56.19 2 0
TokoGadget/mocks/DTQuery.go:56.19,57.52 1 0
TokoGadget/mocks/DTQuery.go:60.2,61.49 2 0
TokoGadget/mocks/DTQuery.go:61.49,63.3 1 0
TokoGadget/mocks/DTQuery.go:63.8,65.3 1 0
TokoGadget/mocks/DTQuery.go:67.2,67.11 1 0
TokoGadget/mocks/DTQuery.go:71.93,74.19 2 0
TokoGadget/mocks/DTQuery.go:74.19,75.52 1 0
TokoGadget/mocks/DTQuery.go:78.2,80.95 3 0
TokoGadget/mocks/DTQuery.go:80.95,82.3 1 0
TokoGadget/mocks/DTQuery.go:83.2,83.86 1 0
TokoGadget/mocks/DTQuery.go:83.86,85.3 1 0
TokoGadget/mocks/DTQuery.go:85.8,86.24 1 0
TokoGadget/mocks/DTQuery.go:86.24,88.4 1 0
TokoGadget/mocks/DTQuery.go:91.2,91.49 1 0
TokoGadget/mocks/DTQuery.go:91.49,93.3 1 0
TokoGadget/mocks/DTQuery.go:93.8,95.3 1 0
TokoGadget/mocks/DTQuery.go:97.2,97.15 1 0
TokoGadget/mocks/DTQuery.go:101.57,104.19 2 0
TokoGadget/mocks/DTQuery.go:104.19,105.52 1 0
TokoGadget/mocks/DTQuery.go:108.2,109.55 2 0
TokoGadget/mocks/DTQuery.go:109.55,111.3 1 0
TokoGadget/mocks/DTQuery.go:111.8,113.3 1 0
TokoGadget/mocks/DTQuery.go:115.2,115.11 1 0
TokoGadget/mocks/DTQuery.go:123.13,127.19 3 0
TokoGadget/mocks/DTQuery.go:127.19,127.49 1 0
TokoGadget/mocks/DTQuery.go:129.2,129.13 1 0
TokoGadget/mocks/DTServices.go:19.59,22.19 2 0
TokoGadget/mocks/DTServices.go:22.19,23.51 1 0
TokoGadget/mocks/DTServices.go:26.2,27.55 2 0
TokoGadget/mocks/DTServices.go:27.55,29.3 1 0
TokoGadget/mocks/DTServices.go:29.8,31.3 1 0
TokoGadget/mocks/DTServices.go:33.2,33.11 1 0
TokoGadget/mocks/DTServices.go:37.50,40.19 2 0
TokoGadget/mocks/DTServices.go:40.19,41.52 1 0
TokoGadget/mocks/DTServices.go:44.2,45.49 2 0
TokoGadget/mocks/DTServices.go:45.49,47.3 1 0
TokoGadget/mocks/DTServices.go:47.8,49.3 1 0
TokoGadget/mocks/DTServices.go:51.2,51.11 1 0
TokoGadget/mocks/DTServices.go:55.122,58.19 2 0
TokoGadget/mocks/DTServices.go:58.19,59.52 1 0
TokoGadget/mocks/DTServices.go:62.2,65.121 4 0
TokoGadget/mocks/DTServices.go:65.121,67.3 1 0
TokoGadget/mocks/DTServices.go:68.2,68.68 1 0
TokoGadget/mocks/DTServices.go:68.68,70.3 1 0
TokoGadget/mocks/DTServices.go:70.8,72.3 1 0
TokoGadget/mocks/DTServices.go:74.2,74.86 1 0
TokoGadget/mocks/DTServices.go:74.86,76.3 1 0
TokoGadget/mocks/DTServices.go:76.8,77.24 1 0
TokoGadget/mocks/DTServices.go:77.24,79.4 1 0
TokoGadget/mocks/DTServices.go:82.2,82.49 1 0
TokoGadget/mocks/DTServices.go:82.49,84.3 1 0
TokoGadget/mocks/DTServices.go:84.8,86.3 1 0
TokoGadget/mocks/DTServices.go:88.2,88.19 1 0
TokoGadget/mocks/DTServices.go:92.68,95.19 2 0
TokoGadget/mocks/DTServices.go:95.19,96.52 1 0
TokoGadget/mocks/DTServices.go:99.2,101.63 3 0
TokoGadget/mocks/DTServices.go:101.63,103.3 1 0
TokoGadget/mocks/DTServices.go:104.2,104.54 1 0
TokoGadget/mocks/DTServices.go:104.54,106.3 1 0
TokoGadget/mocks/DTServices.go:106.8,108.3 1 0
TokoGadget/mocks/DTServices.go:110.2,110.55 1 0
TokoGadget/mocks/DTServices.go:110.55,112.3 1 0
TokoGadget/mocks/DTServices.go:112.8,114.3 1 0
TokoGadget/mocks/DTServices.go:116.2,116.15 1 0
TokoGadget/mocks/DTServices.go:124.16,128.19 3 0
TokoGadget/mocks/DTServices.go:128.19,128.49 1 0
TokoGadget/mocks/DTServices.go:130.2,130.13 1 0
TokoGadget/mocks/Handler.go:16.49,19.19 2 0
TokoGadget/mocks/Handler.go:19.19,20.48 1 0
TokoGadget/mocks/Handler.go:23.2,24.57 2 0
TokoGadget/mocks/Handler.go:24.57,26.3 1 0
TokoGadget/mocks/Handler.go:26.8,28.3 1 0
TokoGadget/mocks/Handler.go:30.2,30.11 1 0
TokoGadget/mocks/Handler.go:34.53,37.19 2 0
TokoGadget/mocks/Handler.go:37.19,38.52 1 0
TokoGadget/mocks/Handler.go:41.2,42.57 2 0
TokoGadget/mocks/Handler.go:42.57,44.3 1 0
TokoGadget/mocks/Handler.go:44.8,46.3 1 0
TokoGadget/mocks/Handler.go:48.2,48.11 1 0
TokoGadget/mocks/Handler.go:52.45,55.19 2 0
TokoGadget/mocks/Handler.go:55.19,56.47 1 0
TokoGadget/mocks/Handler.go:59.2,60.56 2 0
TokoGadget/mocks/Handler.go:60.56,62.3 1 0
TokoGadget/mocks/Handler.go:62.8,63.24 1 0
TokoGadget/mocks/Handler.go:63.24,65.4 1 0
TokoGadget/mocks/Handler.go:68.2,68.11 1 0
TokoGadget/mocks/Handler.go:72.48,75.19 2 0
TokoGadget/mocks/Handler.go:75.19,76.50 1 0
TokoGadget/mocks/Handler.go:79.2,80.56 2 0
TokoGadget/mocks/Handler.go:80.56,82.3 1 0
TokoGadget/mocks/Handler.go:82.8,83.24 1 0
TokoGadget/mocks/Handler.go:83.24,85.4 1 0
TokoGadget/mocks/Handler.go:88.2,88.11 1 0
TokoGadget/mocks/Handler.go:92.49,95.19 2 0
TokoGadget/mocks/Handler.go:95.19,96.48 1 0
TokoGadget/mocks/Handler.go:99.2,100.57 2 0
TokoGadget/mocks/Handler.go:100.57,102.3 1 0
TokoGadget/mocks/Handler.go:102.8,104.3 1 0
TokoGadget/mocks/Handler.go:106.2,106.11 1 0
TokoGadget/mocks/Handler.go:114.13,118.19 3 0
TokoGadget/mocks/Handler.go:118.19,118.49 1 0
TokoGadget/mocks/Handler.go:120.2,120.13 1 0
TokoGadget/mocks/MidtransInterface.go:13.89,16.19 2 0
TokoGadget/mocks/MidtransInterface.go:16.19,17.56 1 0
TokoGadget/mocks/MidtransInterface.go:20.2,22.66 3 0
TokoGadget/mocks/MidtransInterface.go:22.66,24.3 1 0
TokoGadget/mocks/MidtransInterface.go:25.2,25.57 1 0
TokoGadget/mocks/MidtransInterface.go:25.57,27.3 1 0
TokoGadget/mocks/MidtransInterface.go:27.8,29.3 1 0
TokoGadget/mocks/MidtransInterface.go:31.2,31.56 1 0
TokoGadget/mocks/MidtransInterface.go:31.56,33.3 1 0
TokoGadget/mocks/MidtransInterface.go:33.8,35.3 1 0
TokoGadget/mocks/MidtransInterface.go:37.2,37.15 1 0
TokoGadget/mocks/MidtransInterface.go:45.23,49.19 3 0
TokoGadget/mocks/MidtransInterface.go:49.19,49.49 1 0
TokoGadget/mocks/MidtransInterface.go:51.2,51.13 1 0
TokoGadget/mocks/PHandler.go:16.51,19.19 2 0
TokoGadget/mocks/PHandler.go:19.19,20.52 1 0
TokoGadget/mocks/PHandler.go:23.2,24.56 2 0
TokoGadget/mocks/PHandler.go:24.56,26.3 1 0
TokoGadget/mocks/PHandler.go:26.8,27.24 1 0
TokoGadget/mocks/PHandler.go:27.24,29.4 1 0
TokoGadget/mocks/PHandler.go:32.2,32.11 1 0
TokoGadget/mocks/PHandler.go:36.54,39.19 2 0
TokoGadget/mocks/PHandler.go:39.19,40.55 1 0
TokoGadget/mocks/PHandler.go:43.2,44.56 2 0
TokoGadget/mocks/PHandler.go:44.56,46.3 1 0
TokoGadget/mocks/PHandler.go:46.8,47.24 1 0
TokoGadget/mocks/PHandler.go:47.24,49.4 1 0
TokoGadget/mocks/PHandler.go:52.2,52.11 1 0
TokoGadget/mocks/PHandler.go:56.55,59.19 2 0
TokoGadget/mocks/PHandler.go:59.19,60.56 1 0
TokoGadget/mocks/PHandler.go:63.2,64.56 2 0
TokoGadget/mocks/PHandler.go:64.56,66.3 1 0
TokoGadget/mocks/PHandler.go:66.8,67.24 1 0
TokoGadget/mocks/PHandler.go:67.24,69.4 1 0
TokoGadget/mocks/PHandler.go:72.2,72.11 1 0
TokoGadget/mocks/PHandler.go:76.55,79.19 2 0
TokoGadget/mocks/PHandler.go:79.19,80.56 1 0
TokoGadget/mocks/PHandler.go:83.2,84.56 2 0
TokoGadget/mocks/PHandler.go:84.56,86.3 1 0
TokoGadget/mocks/PHandler.go:86.8,87.24 1 0
TokoGadget/mocks/PHandler.go:87.24,89.4 1 0
TokoGadget/mocks/PHandler.go:92.2,92.11 1 0
TokoGadget/mocks/PHandler.go:96.58,99.19 2 0
TokoGadget/mocks/PHandler.go:99.19,100.59 1 0
TokoGadget/mocks/PHandler.go:103.2,104.56 2 0
TokoGadget/mocks/PHandler.go:104.56,106.3 1 0
TokoGadget/mocks/PHandler.go:106.8,107.24 1 0
TokoGadget/mocks/PHandler.go:107.24,109.4 1 0
TokoGadget/mocks/PHandler.go:112.2,112.11 1 0
TokoGadget/mocks/PHandler.go:120.14,124.19 3 0
TokoGadget/mocks/PHandler.go:124.19,124.49 1 0
TokoGadget/mocks/PHandler.go:126.2,126.13 1 0
TokoGadget/mocks/PQuery.go:19.65,22.19 2 0
TokoGadget/mocks/PQuery.go:22.19,23.52 1 0
TokoGadget/mocks/PQuery.go:26.2,27.61 2 0
TokoGadget/mocks/PQuery.go:27.61,29.3 1 0
TokoGadget/mocks/PQuery.go:29.8,31.3 1 0
TokoGadget/mocks/PQuery.go:33.2,33.11 1 0
TokoGadget/mocks/PQuery.go:37.64,40.19 2 0
TokoGadget/mocks/PQuery.go:40.19,41.58 1 0
TokoGadget/mocks/PQuery.go:44.2,46.60 3 0
TokoGadget/mocks/PQuery.go:46.60,48.3 1 0
TokoGadget/mocks/PQuery.go:49.2,49.51 1 0
TokoGadget/mocks/PQuery.go:49.51,51.3 1 0
TokoGadget/mocks/PQuery.go:51.8,53.3 1 0
TokoGadget/mocks/PQuery.go:55.2,55.51 1 0
TokoGadget/mocks/PQuery.go:55.51,57.3 1 0
TokoGadget/mocks/PQuery.go:57.8,59.3 1 0
TokoGadget/mocks/PQuery.go:61.2,61.15 1 0
TokoGadget/mocks/PQuery.go:65.82,68.19 2 0
TokoGadget/mocks/PQuery.go:68.19,69.63 1 0
TokoGadget/mocks/PQuery.go:72.2,74.66 3 0
TokoGadget/mocks/PQuery.go:74.66,76.3 1 0
TokoGadget/mocks/PQuery.go:77.2,77.57 1 0
TokoGadget/mocks/PQuery.go:77.57,79.3 1 0
TokoGadget/mocks/PQuery.go:79.8,81.3 1 0
TokoGadget/mocks/PQuery.go:83.2,83.57 1 0
TokoGadget/mocks/PQuery.go:83.57,85.3 1 0
TokoGadget/mocks/PQuery.go:85.8,87.3 1 0
TokoGadget/mocks/PQuery.go:89.2,89.15 1 0
TokoGadget/mocks/PQuery.go:93.48,96.19 2 0
TokoGadget/mocks/PQuery.go:96.19,97.55 1 0
TokoGadget/mocks/PQuery.go:100.2,101.49 2 0
TokoGadget/mocks/PQuery.go:101.49,103.3 1 0
TokoGadget/mocks/PQuery.go:103.8,105.3 1 0
TokoGadget/mocks/PQuery.go:107.2,107.11 1 0
TokoGadget/mocks/PQuery.go:111.98,114.19 2 0
TokoGadget/mocks/PQuery.go:114.19,115.56 1 0
TokoGadget/mocks/PQuery.go:118.2,120.83 3 0
TokoGadget/mocks/PQuery.go:120.83,122.3 1 0
TokoGadget/mocks/PQuery.go:123.2,123.74 1 0
TokoGadget/mocks/PQuery.go:123.74,125.3 1 0
TokoGadget/mocks/PQuery.go:125.8,126.24 1 0
TokoGadget/mocks/PQuery.go:126.24,128.4 1 0
TokoGadget/mocks/PQuery.go:131.2,131.61 1 0
TokoGadget/mocks/PQuery.go:131.61,133.3 1 0
TokoGadget/mocks/PQuery.go:133.8,135.3 1 0
TokoGadget/mocks/PQuery.go:137.2,137.15 1 0
TokoGadget/mocks/PQuery.go:141.81,144.19 2 0
TokoGadget/mocks/PQuery.go:144.19,145.56 1 0
TokoGadget/mocks/PQuery.go:148.2,151.81 4 0
TokoGadget/mocks/PQuery.go:151.81,153.3 1 0
TokoGadget/mocks/PQuery.go:154.2,154.60 1 0
TokoGadget/mocks/PQuery.go:154.60,156.3 1 0
TokoGadget/mocks/PQuery.go:156.8,158.3 1 0
TokoGadget/mocks/PQuery.go:160.2,160.54 1 0
TokoGadget/mocks/PQuery.go:160.54,162.3 1 0
TokoGadget/mocks/PQuery.go:162.8,164.3 1 0
TokoGadget/mocks/PQuery.go:166.2,166.49 1 0
TokoGadget/mocks/PQuery.go:166.49,168.3 1 0
TokoGadget/mocks/PQuery.go:168.8,170.3 1 0
TokoGadget/mocks/PQuery.go:172.2,172.19 1 0
TokoGadget/mocks/PQuery.go:176.117,179.19 2 0
TokoGadget/mocks/PQuery.go:179.19,180.61 1 0
TokoGadget/mocks/PQuery.go:183.2,185.89 3 0
TokoGadget/mocks/PQuery.go:185.89,187.3 1 0
TokoGadget/mocks/PQuery.go:188.2,188.80 1 0
TokoGadget/mocks/PQuery.go:188.80,190.3 1 0
TokoGadget/mocks/PQuery.go:190.8,191.24 1 0
TokoGadget/mocks/PQuery.go:191.24,193.4 1 0
TokoGadget/mocks/PQuery.go:196.2,196.67 1 0
TokoGadget/mocks/PQuery.go:196.67,198.3 1 0
TokoGadget/mocks/PQuery.go:198.8,200.3 1 0
TokoGadget/mocks/PQuery.go:202.2,202.15 1 0
TokoGadget/mocks/PQuery.go:206.85,209.19 2 0
TokoGadget/mocks/PQuery.go:209.19,210.59 1 0
TokoGadget/mocks/PQuery.go:213.2,214.67 2 0
TokoGadget/mocks/PQuery.go:214.67,216.3 1 0
TokoGadget/mocks/PQuery.go:216.8,218.3 1 0
TokoGadget/mocks/PQuery.go:220.2,220.11 1 0
TokoGadget/mocks/PQuery.go:228.12,232.19 3 0
TokoGadget/mocks/PQuery.go:232.19,232.49 1 0
TokoGadget/mocks/PQuery.go:234.2,234.13 1 0
TokoGadget/mocks/PServices.go:19.68,22.19 2 0
TokoGadget/mocks/PServices.go:22.19,23.52 1 0
TokoGadget/mocks/PServices.go:26.2,27.61 2 0
TokoGadget/mocks/PServices.go:27.61,29.3 1 0
TokoGadget/mocks/PServices.go:29.8,31.3 1 0
TokoGadget/mocks/PServices.go:33.2,33.11 1 0
TokoGadget/mocks/PServices.go:37.67,40.19 2 0
TokoGadget/mocks/PServices.go:40.19,41.58 1 0
TokoGadget/mocks/PServices.go:44.2,46.60 3 0
TokoGadget/mocks/PServices.go:46.60,48.3 1 0
TokoGadget/mocks/PServices.go:49.2,49.51 1 0
TokoGadget/mocks/PServices.go:49.51,51.3 1 0
TokoGadget/mocks/PServices.go:51.8,53.3 1 0
TokoGadget/mocks/PServices.go:55.2,55.51 1 0
TokoGadget/mocks/PServices.go:55.51,57.3 1 0
TokoGadget/mocks/PServices.go:57.8,59.3 1 0
TokoGadget/mocks/PServices.go:61.2,61.15 1 0
TokoGadget/mocks/PServices.go:65.85,68.19 2 0
TokoGadget/mocks/PServices.go:68.19,69.63 1 0
TokoGadget/mocks/PServices.go:72.2,74.66 3 0
TokoGadget/mocks/PServices.go:74.66,76.3 1 0
TokoGadget/mocks/PServices.go:77.2,77.57 1 0
TokoGadget/mocks/PServices.go:77.57,79.3 1 0
TokoGadget/mocks/PServices.go:79.8,81.3 1 0
TokoGadget/mocks/PServices.go:83.2,83.57 1 0
TokoGadget/mocks/PServices.go:83.57,85.3 1 0
TokoGadget/mocks/PServices.go:85.8,87.3 1 0
TokoGadget/mocks/PServices.go:89.2,89.15 1 0
TokoGadget/mocks/PServices.go:93.51,96.19 2 0
TokoGadget/mocks/PServices.go:96.19,97.55 1 0
TokoGadget/mocks/PServices.go:100.2,101.49 2 0
TokoGadget/mocks/PServices.go:101.49,103.3 1 0
TokoGadget/mocks/PServices.go:103.8,105.3 1 0
TokoGadget/mocks/PServices.go:107.2,107.11 1 0
TokoGadget/mocks/PServices.go:111.101,114.19 2 0
TokoGadget/mocks/PServices.go:114.19,115.56 1 0
TokoGadget/mocks/PServices.go:118.2,120.83 3 0
TokoGadget/mocks/PServices.go:120.83,122.3 1 0
TokoGadget/mocks/PServices.go:123.2,123.74 1 0
TokoGadget/mocks/PServices.go:123.74,125.3 1 0
TokoGadget/mocks/PServices.go:125.8,126.24 1 0
TokoGadget/mocks/PServices.go:126.24,128.4 1 0
TokoGadget/mocks/PServices.go:131.2,131.61 1 0
TokoGadget/mocks/PServices.go:131.61,133.3 1 0
TokoGadget/mocks/PServices.go:133.8,135.3 1 0
TokoGadget/mocks/PServices.go:137.2,137.15 1 0
TokoGadget/mocks/PServices.go:141.84,144.19 2 0
TokoGadget/mocks/PServices.go:144.19,145.56 1 0
TokoGadget/mocks/PServices.go:148.2,151.81 4 0
TokoGadget/mocks/PServices.go:151.81,153.3 1 0
TokoGadget/mocks/PServices.go:154.2,154.60 1 0
TokoGadget/mocks/PServices.go:154.60,156.3 1 0
TokoGadget/mocks/PServices.go:156.8,158.3 1 0
TokoGadget/mocks/PServices.go:160.2,160.54 1 0
TokoGadget/mocks/PServices.go:160.54,162.3 1 0
TokoGadget/mocks/PServices.go:162.8,164.3 1 0
TokoGadget/mocks/PServices.go:166.2,166.49 1 0
TokoGadget/mocks/PServices.go:166.49,168.3 1 0
TokoGadget/mocks/PServices.go:168.8,170.3 1 0
TokoGadget/mocks/PServices.go:172.2,172.19 1 0
TokoGadget/mocks/PServices.go:176.120,179.19 2 0
TokoGadget/mocks/PServices.go:179.19,180.61 1 0
TokoGadget/mocks/PServices.go:183.2,185.89 3 0
TokoGadget/mocks/PServices.go:185.89,187.3 1 0
TokoGadget/mocks/PServices.go:188.2,188.80 1 0
TokoGadget/mocks/PServices.go:188.80,190.3 1 0
TokoGadget/mocks/PServices.go:190.8,191.24 1 0
TokoGadget/mocks/PServices.go:191.24,193.4 1 0
TokoGadget/mocks/PServices.go:196.2,196.67 1 0
TokoGadget/mocks/PServices.go:196.67,198.3 1 0
TokoGadget/mocks/PServices.go:198.8,200.3 1 0
TokoGadget/mocks/PServices.go:202.2,202.15 1 0
TokoGadget/mocks/PServices.go:206.88,209.19 2 0
TokoGadget/mocks/PServices.go:209.19,210.59 1 0
TokoGadget/mocks/PServices.go:213.2,214.67 2 0
TokoGadget/mocks/PServices.go:214.67,216.3 1 0
TokoGadget/mocks/PServices.go:216.8,218.3 1 0
TokoGadget/mocks/PServices.go:220.2,220.11 1 0
TokoGadget/mocks/PServices.go:228.15,232.19 3 0
TokoGadget/mocks/PServices.go:232.19,232.49 1 0
TokoGadget/mocks/PServices.go:234.2,234.13 1 0
TokoGadget/mocks/PasswordUtilityInterface.go:13.81,16.19 2 0
TokoGadget/mocks/PasswordUtilityInterface.go:16.19,17.55 1 0
TokoGadget/mocks/PasswordUtilityInterface.go:20.2,21.59 2 0
TokoGadget/mocks/PasswordUtilityInterface.go:21.59,23.3 1 0
TokoGadget/mocks/PasswordUtilityInterface.go:23.8,25.3 1 0
TokoGadget/mocks/PasswordUtilityInterface.go:27.2,27.11 1 0
TokoGadget/mocks/PasswordUtilityInterface.go:31.82,34.19 2 0
TokoGadget/mocks/PasswordUtilityInterface.go:34.19,35.58 1 0
TokoGadget/mocks/PasswordUtilityInterface.go:38.2,40.61 3 0
TokoGadget/mocks/PasswordUtilityInterface.go:40.61,42.3 1 0
TokoGadget/mocks/PasswordUtilityInterface.go:43.2,43.52 1 0
TokoGadget/mocks/PasswordUtilityInterface.go:43.52,45.3 1 0
TokoGadget/mocks/PasswordUtilityInterface.go:45.8,46.24 1 0
TokoGadget/mocks/PasswordUtilityInterface.go:46.24,48.4 1 0
TokoGadget/mocks/PasswordUtilityInterface.go:51.2,51.51 1 0
TokoGadget/mocks/PasswordUtilityInterface.go:51.51,53.3 1 0
TokoGadget/mocks/PasswordUtilityInterface.go:53.8,55.3 1 0
TokoGadget/mocks/PasswordUtilityInterface.go:57.2,57.15 1 0
TokoGadget/mocks/PasswordUtilityInterface.go:65.30,69.19 3 0
TokoGadget/mocks/PasswordUtilityInterface.go:69.19,69.49 1 0
TokoGadget/mocks/PasswordUtilityInterface.go:71.2,71.13 1 0
TokoGadget/mocks/Query.go:17.51,20.19 2 0
TokoGadget/mocks/Query.go:20.19,21.55 1 0
TokoGadget/mocks/Query.go:24.2,25.49 2 0
TokoGadget/mocks/Query.go:25.49,27.3 1 0
TokoGadget/mocks/Query.go:27.8,29.3 1 0
TokoGadget/mocks/Query.go:31.2,31.11 1 0
TokoGadget/mocks/Query.go:35.67,38.19 2 0
TokoGadget/mocks/Query.go:38.19,39.56 1 0
TokoGadget/mocks/Query.go:42.2,44.64 3 0
TokoGadget/mocks/Query.go:44.64,46.3 1 0
TokoGadget/mocks/Query.go:47.2,47.55 1 0
TokoGadget/mocks/Query.go:47.55,49.3 1 0
TokoGadget/mocks/Query.go:49.8,50.24 1 0
TokoGadget/mocks/Query.go:50.24,52.4 1 0
TokoGadget/mocks/Query.go:55.2,55.49 1 0
TokoGadget/mocks/Query.go:55.49,57.3 1 0
TokoGadget/mocks/Query.go:57.8,59.3 1 0
TokoGadget/mocks/Query.go:61.2,61.15 1 0
TokoGadget/mocks/Query.go:65.58,68.19 2 0
TokoGadget/mocks/Query.go:68.19,69.47 1 0
TokoGadget/mocks/Query.go:72.2,74.65 3 0
TokoGadget/mocks/Query.go:74.65,76.3 1 0
TokoGadget/mocks/Query.go:77.2,77.56 1 0
TokoGadget/mocks/Query.go:77.56,79.3 1 0
TokoGadget/mocks/Query.go:79.8,81.3 1 0
TokoGadget/mocks/Query.go:83.2,83.51 1 0
TokoGadget/mocks/Query.go:83.51,85.3 1 0
TokoGadget/mocks/Query.go:85.8,87.3 1 0
TokoGadget/mocks/Query.go:89.2,89.15 1 0
TokoGadget/mocks/Query.go:93.53,96.19 2 0
TokoGadget/mocks/Query.go:96.19,97.50 1 0
TokoGadget/mocks/Query.go:100.2,101.55 2 0
TokoGadget/mocks/Query.go:101.55,103.3 1 0
TokoGadget/mocks/Query.go:103.8,105.3 1 0
TokoGadget/mocks/Query.go:107.2,107.11 1 0
TokoGadget/mocks/Query.go:111.71,114.19 2 0
TokoGadget/mocks/Query.go:114.19,115.55 1 0
TokoGadget/mocks/Query.go:118.2,119.61 2 0
TokoGadget/mocks/Query.go:119.61,121.3 1 0
TokoGadget/mocks/Query.go:121.8,123.3 1 0
TokoGadget/mocks/Query.go:125.2,125.11 1 0
TokoGadget/mocks/Query.go:133.11,137.19 3 0
TokoGadget/mocks/Query.go:137.19,137.49 1 0
TokoGadget/mocks/Query.go:139.2,139.13 1 0
TokoGadget/mocks/Services.go:17.54,20.19 2 0
TokoGadget/mocks/Services.go:20.19,21.55 1 0
TokoGadget/mocks/Services.go:24.2,25.49 2 0
TokoGadget/mocks/Services.go:25.49,27.3 1 0
TokoGadget/mocks/Services.go:27.8,29.3 1 0
TokoGadget/mocks/Services.go:31.2,31.11 1 0
TokoGadget/mocks/Services.go:35.66,38.19 2 0
TokoGadget/mocks/Services.go:38.19,39.52 1 0
TokoGadget/mocks/Services.go:42.2,44.64 3 0
TokoGadget/mocks/Services.go:44.64,46.3 1 0
TokoGadget/mocks/Services.go:47.2,47.55 1 0
TokoGadget/mocks/Services.go:47.55,49.3 1 0
TokoGadget/mocks/Services.go:49.8,50.24 1 0
TokoGadget/mocks/Services.go:50.24,52.4 1 0
TokoGadget/mocks/Services.go:55.2,55.49 1 0
TokoGadget/mocks/Services.go:55.49,57.3 1 0
TokoGadget/mocks/Services.go:57.8,59.3 1 0
TokoGadget/mocks/Services.go:61.2,61.15 1 0
TokoGadget/mocks/Services.go:65.86,68.19 2 0
TokoGadget/mocks/Services.go:68.19,69.47 1 0
TokoGadget/mocks/Services.go:72.2,75.81 4 0
TokoGadget/mocks/Services.go:75.81,77.3 1 0
TokoGadget/mocks/Services.go:78.2,78.64 1 0
TokoGadget/mocks/Services.go:78.64,80.3 1 0
TokoGadget/mocks/Services.go:80.8,82.3 1 0
TokoGadget/mocks/Services.go:84.2,84.60 1 0
TokoGadget/mocks/Services.go:84.60,86.3 1 0
TokoGadget/mocks/Services.go:86.8,88.3 1 0
TokoGadget/mocks/Services.go:90.2,90.59 1 0
TokoGadget/mocks/Services.go:90.59,92.3 1 0
TokoGadget/mocks/Services.go:92.8,94.3 1 0
TokoGadget/mocks/Services.go:96.2,96.19 1 0
TokoGadget/mocks/Services.go:100.56,103.19 2 0
TokoGadget/mocks/Services.go:103.19,104.50 1 0
TokoGadget/mocks/Services.go:107.2,108.55 2 0
TokoGadget/mocks/Services.go:108.55,110.3 1 0
TokoGadget/mocks/Services.go:110.8,112.3 1 0
TokoGadget/mocks/Services.go:114.2,114.11 1 0
TokoGadget/mocks/Services.go:118.75,121.19 2 0
TokoGadget/mocks/Services.go:121.19,122.55 1 0
TokoGadget/mocks/Services.go:125.2,126.61 2 0
TokoGadget/mocks/Services.go:126.61,128.3 1 0
TokoGadget/mocks/Services.go:128.8,130.3 1 0
TokoGadget/mocks/Services.go:132.2,132.11 1 0
TokoGadget/mocks/Services.go:140.14,144.19 3 0
TokoGadget/mocks/Services.go:144.19,144.49 1 0
TokoGadget/mocks/Services.go:146.2,146.13 1 0
TokoGadget/mocks/THandler.go:16.62,19.19 2 0
TokoGadget/mocks/THandler.go:19.19,20.60 1 0
TokoGadget/mocks/THandler.go:23.2,24.57 2 0
TokoGadget/mocks/THandler.go:24.57,26.3 1 0
TokoGadget/mocks/THandler.go:26.8,28.3 1 0
TokoGadget/mocks/THandler.go:30.2,30.11 1 0
TokoGadget/mocks/THandler.go:34.54,37.19 2 0
TokoGadget/mocks/THandler.go:37.19,38.50 1 0
TokoGadget/mocks/THandler.go:41.2,42.57 2 0
TokoGadget/mocks/THandler.go:42.57,44.3 1 0
TokoGadget/mocks/THandler.go:44.8,46.3 1 0
TokoGadget/mocks/THandler.go:48.2,48.11 1 0
TokoGadget/mocks/THandler.go:52.63,55.19 2 0
TokoGadget/mocks/THandler.go:55.19,56.59 1 0
TokoGadget/mocks/THandler.go:59.2,60.57 2 0
TokoGadget/mocks/THandler.go:60.57,62.3 1 0
TokoGadget/mocks/THandler.go:62.8,64.3 1 0
TokoGadget/mocks/THandler.go:66.2,66.11 1 0
TokoGadget/mocks/THandler.go:70.64,73.19 2 0
TokoGadget/mocks/THandler.go:73.19,74.60 1 0
TokoGadget/mocks/THandler.go:77.2,78.57 2 0
TokoGadget/mocks/THandler.go:78.57,80.3 1 0
TokoGadget/mocks/THandler.go:80.8,82.3 1 0
TokoGadget/mocks/THandler.go:84.2,84.11 1 0
TokoGadget/mocks/THandler.go:88.60,91.19 2 0
TokoGadget/mocks/THandler.go:91.19,92.56 1 0
TokoGadget/mocks/THandler.go:95.2,96.57 2 0
TokoGadget/mocks/THandler.go:96.57,98.3 1 0
TokoGadget/mocks/THandler.go:98.8,100.3 1 0
TokoGadget/mocks/THandler.go:102.2,102.11 1 0
TokoGadget/mocks/THandler.go:110.14,114.19 3 0
TokoGadget/mocks/THandler.go:114.19,114.49 1 0
TokoGadget/mocks/THandler.go:116.2,116.13 1 0
TokoGadget/mocks/TQuery.go:17.87,20.19 2 0
TokoGadget/mocks/TQuery.go:20.19,21.65 1 0
TokoGadget/mocks/TQuery.go:24.2,26.77 3 0
TokoGadget/mocks/TQuery.go:26.77,28.3 1 0
TokoGadget/mocks/TQuery.go:29.2,29.68 1 0
TokoGadget/mocks/TQuery.go:29.68,31.3 1 0
TokoGadget/mocks/TQuery.go:31.8,33.3 1 0
TokoGadget/mocks/TQuery.go:35.2,35.49 1 0
TokoGadget/mocks/TQuery.go:35.49,37.3 1 0
TokoGadget/mocks/TQuery.go:37.8,39.3 1 0
TokoGadget/mocks/TQuery.go:41.2,41.15 1 0
TokoGadget/mocks/TQuery.go:45.74,48.19 2 0
TokoGadget/mocks/TQuery.go:48.19,49.52 1 0
TokoGadget/mocks/TQuery.go:52.2,54.77 3 0
TokoGadget/mocks/TQuery.go:54.77,56.3 1 0
TokoGadget/mocks/TQuery.go:57.2,57.69 1 0
TokoGadget/mocks/TQuery.go:57.69,59.3 1 0
TokoGadget/mocks/TQuery.go:59.8,60.24 1 0
TokoGadget/mocks/TQuery.go:60.24,62.4 1 0
TokoGadget/mocks/TQuery.go:65.2,65.48 1 0
TokoGadget/mocks/TQuery.go:65.48,67.3 1 0
TokoGadget/mocks/TQuery.go:67.8,69.3 1 0
TokoGadget/mocks/TQuery.go:71.2,71.15 1 0
TokoGadget/mocks/TQuery.go:75.44,78.19 2 0
TokoGadget/mocks/TQuery.go:78.19,79.50 1 0
TokoGadget/mocks/TQuery.go:82.2,83.49 2 0
TokoGadget/mocks/TQuery.go:83.49,85.3 1 0
TokoGadget/mocks/TQuery.go:85.8,87.3 1 0
TokoGadget/mocks/TQuery.go:89.2,89.11 1 0
TokoGadget/mocks/TQuery.go:93.53,96.19 2 0
TokoGadget/mocks/TQuery.go:96.19,97.59 1 0
TokoGadget/mocks/TQuery.go:100.2,101.49 2 0
TokoGadget/mocks/TQuery.go:101.49,103.3 1 0
TokoGadget/mocks/TQuery.go:103.8,105.3 1 0
TokoGadget/mocks/TQuery.go:107.2,107.11 1 0
TokoGadget/mocks/TQuery.go:111.53,114.19 2 0
TokoGadget/mocks/TQuery.go:114.19,115.59 1 0
TokoGadget/mocks/TQuery.go:118.2,119.49 2 0
TokoGadget/mocks/TQuery.go:119.49,121.3 1 0
TokoGadget/mocks/TQuery.go:121.8,123.3 1 0
TokoGadget/mocks/TQuery.go:125.2,125.11 1 0
TokoGadget/mocks/TQuery.go:129.84,132.19 2 0
TokoGadget/mocks/TQuery.go:132.19,133.60 1 0
TokoGadget/mocks/TQuery.go:136.2,138.79 3 0
TokoGadget/mocks/TQuery.go:138.79,140.3 1 0
TokoGadget/mocks/TQuery.go:141.2,141.70 1 0
TokoGadget/mocks/TQuery.go:141.70,143.3 1 0
TokoGadget/mocks/TQuery.go:143.8,144.24 1 0
TokoGadget/mocks/TQuery.go:144.24,146.4 1 0
TokoGadget/mocks/TQuery.go:149.2,149.49 1 0
TokoGadget/mocks/TQuery.go:149.49,151.3 1 0
TokoGadget/mocks/TQuery.go:151.8,153.3 1 0
TokoGadget/mocks/TQuery.go:155.2,155.15 1 0
TokoGadget/mocks/TQuery.go:159.75,162.19 2 0
TokoGadget/mocks/TQuery.go:162.19,163.59 1 0
TokoGadget/mocks/TQuery.go:166.2,167.71 2 0
TokoGadget/mocks/TQuery.go:167.71,169.3 1 0
TokoGadget/mocks/TQuery.go:169.8,171.3 1 0
TokoGadget/mocks/TQuery.go:173.2,173.11 1 0
TokoGadget/mocks/TQuery.go:177.78,180.19 2 0
TokoGadget/mocks/TQuery.go:180.19,181.56 1 0
TokoGadget/mocks/TQuery.go:184.2,186.77 3 0
TokoGadget/mocks/TQuery.go:186.77,188.3 1 0
TokoGadget/mocks/TQuery.go:189.2,189.68 1 0
TokoGadget/mocks/TQuery.go:189.68,191.3 1 0
TokoGadget/mocks/TQuery.go:191.8,193.3 1 0
TokoGadget/mocks/TQuery.go:195.2,195.49 1 0
TokoGadget/mocks/TQuery.go:195.49,197.3 1 0
TokoGadget/mocks/TQuery.go:197.8,199.3 1 0
TokoGadget/mocks/TQuery.go:201.2,201.15 1 0
TokoGadget/mocks/TQuery.go:205.68,208.19 2 0
TokoGadget/mocks/TQuery.go:208.19,209.53 1 0
TokoGadget/mocks/TQuery.go:212.2,213.70 2 0
TokoGadget/mocks/TQuery.go:213.70,215.3 1 0
TokoGadget/mocks/TQuery.go:215.8,217.3 1 0
TokoGadget/mocks/TQuery.go:219.2,219.11 1 0
TokoGadget/mocks/TQuery.go:223.68,226.19 2 0
TokoGadget/mocks/TQuery.go:226.19,227.53 1 0
TokoGadget/mocks/TQuery.go:230.2,231.70 2 0
TokoGadget/mocks/TQuery.go:231.70,233.3 1 0
TokoGadget/mocks/TQuery.go:233.8,235.3 1 0
TokoGadget/mocks/TQuery.go:237.2,237.11 1 0
TokoGadget/mocks/TQuery.go:245.12,249.19 3 0
TokoGadget/mocks/TQuery.go:249.19,249.49 1 0
TokoGadget/mocks/TQuery.go:251.2,251.13 1 0
TokoGadget/mocks/TServices.go:17.73,20.19 2 0
TokoGadget/mocks/TServices.go:20.19,21.50 1 0
TokoGadget/mocks/TServices.go:24.2,27.65 4 0
TokoGadget/mocks/TServices.go:27.65,29.3 1 0
TokoGadget/mocks/TServices.go:30.2,30.50 1 0
TokoGadget/mocks/TServices.go:30.50,32.3 1 0
TokoGadget/mocks/TServices.go:32.8,34.3 1 0
TokoGadget/mocks/TServices.go:36.2,36.48 1 0
TokoGadget/mocks/TServices.go:36.48,38.3 1 0
TokoGadget/mocks/TServices.go:38.8,40.3 1 0
TokoGadget/mocks/TServices.go:42.2,42.49 1 0
TokoGadget/mocks/TServices.go:42.49,44.3 1 0
TokoGadget/mocks/TServices.go:44.8,46.3 1 0
TokoGadget/mocks/TServices.go:48.2,48.19 1 0
TokoGadget/mocks/TServices.go:52.56,55.19 2 0
TokoGadget/mocks/TServices.go:55.19,56.59 1 0
TokoGadget/mocks/TServices.go:59.2,60.49 2 0
TokoGadget/mocks/TServices.go:60.49,62.3 1 0
TokoGadget/mocks/TServices.go:62.8,64.3 1 0
TokoGadget/mocks/TServices.go:66.2,66.11 1 0
TokoGadget/mocks/TServices.go:70.87,73.19 2 0
TokoGadget/mocks/TServices.go:73.19,74.60 1 0
TokoGadget/mocks/TServices.go:77.2,79.79 3 0
TokoGadget/mocks/TServices.go:79.79,81.3 1 0
TokoGadget/mocks/TServices.go:82.2,82.70 1 0
TokoGadget/mocks/TServices.go:82.70,84.3 1 0
TokoGadget/mocks/TServices.go:84.8,85.24 1 0
TokoGadget/mocks/TServices.go:85.24,87.4 1 0
TokoGadget/mocks/TServices.go:90.2,90.49 1 0
TokoGadget/mocks/TServices.go:90.49,92.3 1 0
TokoGadget/mocks/TServices.go:92.8,94.3 1 0
TokoGadget/mocks/TServices.go:96.2,96.15 1 0
TokoGadget/mocks/TServices.go:100.81,103.19 2 0
TokoGadget/mocks/TServices.go:103.19,104.56 1 0
TokoGadget/mocks/TServices.go:107.2,109.77 3 0
TokoGadget/mocks/TServices.go:109.77,111.3 1 0
TokoGadget/mocks/TServices.go:112.2,112.68 1 0
TokoGadget/mocks/TServices.go:112.68,114.3 1 0
TokoGadget/mocks/TServices.go:114.8,116.3 1 0
TokoGadget/mocks/TServices.go:118.2,118.49 1 0
TokoGadget/mocks/TServices.go:118.49,120.3 1 0
TokoGadget/mocks/TServices.go:120.8,122.3 1 0
TokoGadget/mocks/TServices.go:124.2,124.15 1 0
TokoGadget/mocks/TServices.go:128.81,131.19 2 0
TokoGadget/mocks/TServices.go:131.19,132.64 1 0
TokoGadget/mocks/TServices.go:135.2,137.59 3 0
TokoGadget/mocks/TServices.go:137.59,139.3 1 0
TokoGadget/mocks/TServices.go:140.2,140.50 1 0
TokoGadget/mocks/TServices.go:140.50,142.3 1 0
TokoGadget/mocks/TServices.go:142.8,144.3 1 0
TokoGadget/mocks/TServices.go:146.2,146.49 1 0
TokoGadget/mocks/TServices.go:146.49,148.3 1 0
TokoGadget/mocks/TServices.go:148.8,150.3 1 0
TokoGadget/mocks/TServices.go:152.2,152.15 1 0
TokoGadget/mocks/TServices.go:160.15,164.19 3 0
TokoGadget/mocks/TServices.go:164.19,164.49 1 0
TokoGadget/mocks/TServices.go:166.2,166.13 1 0
TokoGadget/mocks/TokenUtilityInterface.go:16.67,19.19 2 0
TokoGadget/mocks/TokenUtilityInterface.go:19.19,20.53 1 0
TokoGadget/mocks/TokenUtilityInterface.go:23.2,24.54 2 0
TokoGadget/mocks/TokenUtilityInterface.go:24.54,26.3 1 0
TokoGadget/mocks/TokenUtilityInterface.go:26.8,28.3 1 0
TokoGadget/mocks/TokenUtilityInterface.go:30.2,30.11 1 0
TokoGadget/mocks/TokenUtilityInterface.go:34.74,37.19 2 0
TokoGadget/mocks/TokenUtilityInterface.go:37.19,38.55 1 0
TokoGadget/mocks/TokenUtilityInterface.go:41.2,43.59 3 0
TokoGadget/mocks/TokenUtilityInterface.go:43.59,45.3 1 0
TokoGadget/mocks/TokenUtilityInterface.go:46.2,46.50 1 0
TokoGadget/mocks/TokenUtilityInterface.go:46.50,48.3 1 0
TokoGadget/mocks/TokenUtilityInterface.go:48.8,50.3 1 0
TokoGadget/mocks/TokenUtilityInterface.go:52.2,52.49 1 0
TokoGadget/mocks/TokenUtilityInterface.go:52.49,54.3 1 0
TokoGadget/mocks/TokenUtilityInterface.go:54.8,56.3 1 0
TokoGadget/mocks/TokenUtilityInterface.go:58.2,58.15 1 0
TokoGadget/mocks/TokenUtilityInterface.go:66.27,70.19 3 0
TokoGadget/mocks/TokenUtilityInterface.go:70.19,70.49 1 0
TokoGadget/mocks/TokenUtilityInterface.go:72.2,72.13 1 0
TokoGadget/internal/features/detail_transactions/services/service.go:14.97,19.2 1 1
TokoGadget/internal/features/detail_transactions/services/service.go:21.128,23.19 2 1
TokoGadget/internal/features/detail_transactions/services/service.go:23.19,25.17 2 1
TokoGadget/internal/features/detail_transactions/services/service.go:25.17,27.4 1 1
TokoGadget/internal/features/detail_transactions/services/service.go:30.2,34.27 3 1
TokoGadget/internal/features/detail_transactions/services/service.go:34.27,37.3 2 0
TokoGadget/internal/features/detail_transactions/services/service.go:39.2,39.31 1 1
TokoGadget/internal/features/detail_transactions/services/service.go:42.84,44.16 2 1
TokoGadget/internal/features/detail_transactions/services/service.go:44.16,46.3 1 0
TokoGadget/internal/features/detail_transactions/services/service.go:48.2,48.20 1 1
TokoGadget/internal/features/detail_transactions/services/service.go:48.20,50.17 2 1
TokoGadget/internal/features/detail_transactions/services/service.go:50.17,52.4 1 0
TokoGadget/internal/features/detail_transactions/services/service.go:55.2,55.45 1 1
TokoGadget/internal/features/detail_transactions/services/service.go:58.92,60.13 2 1
TokoGadget/internal/features/detail_transactions/services/service.go:60.13,62.3 1 0
TokoGadget/internal/features/detail_transactions/services/service.go:64.2,64.51 1 1
TokoGadget/internal/features/detail_transactions/services/service.go:67.69,69.2 1 1
TokoGadget/mocks/DTHandler.go:16.56,19.19 2 0
TokoGadget/mocks/DTHandler.go:19.19,20.51 1 0
TokoGadget/mocks/DTHandler.go:23.2,24.57 2 0
TokoGadget/mocks/DTHandler.go:24.57,26.3 1 0
TokoGadget/mocks/DTHandler.go:26.8,28.3 1 0
TokoGadget/mocks/DTHandler.go:30.2,30.11 1 0
TokoGadget/mocks/DTHandler.go:34.57,37.19 2 0
TokoGadget/mocks/DTHandler.go:37.19,38.52 1 0
TokoGadget/mocks/DTHandler.go:41.2,42.57 2 0
TokoGadget/mocks/DTHandler.go:42.57,44.3 1 0
TokoGadget/mocks/DTHandler.go:44.8,46.3 1 0
TokoGadget/mocks/DTHandler.go:48.2,48.11 1 0
TokoGadget/mocks/DTHandler.go:52.57,55.19 2 0
TokoGadget/mocks/DTHandler.go:55.19,56.52 1 0
TokoGadget/mocks/DTHandler.go:59.2,60.57 2 0
TokoGadget/mocks/DTHandler.go:60.57,62.3 1 0
TokoGadget/mocks/DTHandler.go:62.8,64.3 1 0
TokoGadget/mocks/DTHandler.go:66.2,66.11 1 0
TokoGadget/mocks/DTHandler.go:70.57,73.19 2 0
TokoGadget/mocks/DTHandler.go:73.19,74.52 1 0
TokoGadget/mocks/DTHandler.go:77.2,78.57 2 0
TokoGadget/mocks/DTHandler.go:78.57,80.3 1 0
TokoGadget/mocks/DTHandler.go:80.8,82.3 1 0
TokoGadget/mocks/DTHandler.go:84.2,84.11 1 0
TokoGadget/mocks/DTHandler.go:92.15,96.19 3 0
TokoGadget/mocks/DTHandler.go:96.19,96.49 1 0
TokoGadget/mocks/DTHandler.go:98.2,98.13 1 0
TokoGadget/mocks/DTQuery.go:17.56,20.19 2 1
TokoGadget/mocks/DTQuery.go:20.19,21.51 1 0
TokoGadget/mocks/DTQuery.go:24.2,25.55 2 1
TokoGadget/mocks/DTQuery.go:25.55,27.3 1 0
TokoGadget/mocks/DTQuery.go:27.8,29.3 1 1
TokoGadget/mocks/DTQuery.go:31.2,31.11 1 1
TokoGadget/mocks/DTQuery.go:35.66,38.19 2 1
TokoGadget/mocks/DTQuery.go:38.19,39.62 1 0
TokoGadget/mocks/DTQuery.go:42.2,43.54 2 1
TokoGadget/mocks/DTQuery.go:43.54,45.3 1 0
TokoGadget/mocks/DTQuery.go:45.8,47.3 1 1
TokoGadget/mocks/DTQuery.go:49.2,49.11 1 1
TokoGadget/mocks/DTQuery.go:53.47,56.19 2 1
TokoGadget/mocks/DTQuery.go:56.19,57.52 1 0
TokoGadget/mocks/DTQuery.go:60.2,61.49 2 1
TokoGadget/mocks/DTQuery.go:61.49,63.3 1 0
TokoGadget/mocks/DTQuery.go:63.8,65.3 1 1
TokoGadget/mocks/DTQuery.go:67.2,67.11 1 1
TokoGadget/mocks/DTQuery.go:71.93,74.19 2 1
TokoGadget/mocks/DTQuery.go:74.19,75.52 1 0
TokoGadget/mocks/DTQuery.go:78.2,80.95 3 1
TokoGadget/mocks/DTQuery.go:80.95,82.3 1 0
TokoGadget/mocks/DTQuery.go:83.2,83.86 1 1
TokoGadget/mocks/DTQuery.go:83.86,85.3 1 0
TokoGadget/mocks/DTQuery.go:85.8,86.24 1 1
TokoGadget/mocks/DTQuery.go:86.24,88.4 1 1
TokoGadget/mocks/DTQuery.go:91.2,91.49 1 1
TokoGadget/mocks/DTQuery.go:91.49,93.3 1 0
TokoGadget/mocks/DTQuery.go:93.8,95.3 1 1
TokoGadget/mocks/DTQuery.go:97.2,97.15 1 1
TokoGadget/mocks/DTQuery.go:101.57,104.19 2 1
TokoGadget/mocks/DTQuery.go:104.19,105.52 1 0
TokoGadget/mocks/DTQuery.go:108.2,109.55 2 1
TokoGadget/mocks/DTQuery.go:109.55,111.3 1 0
TokoGadget/mocks/DTQuery.go:111.8,113.3 1 1
TokoGadget/mocks/DTQuery.go:115.2,115.11 1 1
TokoGadget/mocks/DTQuery.go:123.13,127.19 3 1
TokoGadget/mocks/DTQuery.go:127.19,127.49 1 1
TokoGadget/mocks/DTQuery.go:129.2,129.13 1 1
TokoGadget/mocks/DTServices.go:19.59,22.19 2 0
TokoGadget/mocks/DTServices.go:22.19,23.51 1 0
TokoGadget/mocks/DTServices.go:26.2,27.55 2 0
TokoGadget/mocks/DTServices.go:27.55,29.3 1 0
TokoGadget/mocks/DTServices.go:29.8,31.3 1 0
TokoGadget/mocks/DTServices.go:33.2,33.11 1 0
TokoGadget/mocks/DTServices.go:37.50,40.19 2 0
TokoGadget/mocks/DTServices.go:40.19,41.52 1 0
TokoGadget/mocks/DTServices.go:44.2,45.49 2 0
TokoGadget/mocks/DTServices.go:45.49,47.3 1 0
TokoGadget/mocks/DTServices.go:47.8,49.3 1 0
TokoGadget/mocks/DTServices.go:51.2,51.11 1 0
TokoGadget/mocks/DTServices.go:55.122,58.19 2 0
TokoGadget/mocks/DTServices.go:58.19,59.52 1 0
TokoGadget/mocks/DTServices.go:62.2,65.121 4 0
TokoGadget/mocks/DTServices.go:65.121,67.3 1 0
TokoGadget/mocks/DTServices.go:68.2,68.68 1 0
TokoGadget/mocks/DTServices.go:68.68,70.3 1 0
TokoGadget/mocks/DTServices.go:70.8,72.3 1 0
TokoGadget/mocks/DTServices.go:74.2,74.86 1 0
TokoGadget/mocks/DTServices.go:74.86,76.3 1 0
TokoGadget/mocks/DTServices.go:76.8,77.24 1 0
TokoGadget/mocks/DTServices.go:77.24,79.4 1 0
TokoGadget/mocks/DTServices.go:82.2,82.49 1 0
TokoGadget/mocks/DTServices.go:82.49,84.3 1 0
TokoGadget/mocks/DTServices.go:84.8,86.3 1 0
TokoGadget/mocks/DTServices.go:88.2,88.19 1 0
TokoGadget/mocks/DTServices.go:92.68,95.19 2 0
TokoGadget/mocks/DTServices.go:95.19,96.52 1 0
TokoGadget/mocks/DTServices.go:99.2,101.63 3 0
TokoGadget/mocks/DTServices.go:101.63,103.3 1 0
TokoGadget/mocks/DTServices.go:104.2,104.54 1 0
TokoGadget/mocks/DTServices.go:104.54,106.3 1 0
TokoGadget/mocks/DTServices.go:106.8,108.3 1 0
TokoGadget/mocks/DTServices.go:110.2,110.55 1 0
TokoGadget/mocks/DTServices.go:110.55,112.3 1 0
TokoGadget/mocks/DTServices.go:112.8,114.3 1 0
TokoGadget/mocks/DTServices.go:116.2,116.15 1 0
TokoGadget/mocks/DTServices.go:124.16,128.19 3 0
TokoGadget/mocks/DTServices.go:128.19,128.49 1 0
TokoGadget/mocks/DTServices.go:130.2,130.13 1 0
TokoGadget/mocks/Handler.go:16.49,19.19 2 0
TokoGadget/mocks/Handler.go:19.19,20.48 1 0
TokoGadget/mocks/Handler.go:23.2,24.57 2 0
TokoGadget/mocks/Handler.go:24.57,26.3 1 0
TokoGadget/mocks/Handler.go:26.8,28.3 1 0
TokoGadget/mocks/Handler.go:30.2,30.11 1 0
TokoGadget/mocks/Handler.go:34.53,37.19 2 0
TokoGadget/mocks/Handler.go:37.19,38.52 1 0
TokoGadget/mocks/Handler.go:41.2,42.57 2 0
TokoGadget/mocks/Handler.go:42.57,44.3 1 0
TokoGadget/mocks/Handler.go:44.8,46.3 1 0
TokoGadget/mocks/Handler.go:48.2,48.11 1 0
TokoGadget/mocks/Handler.go:52.45,55.19 2 0
TokoGadget/mocks/Handler.go:55.19,56.47 1 0
TokoGadget/mocks/Handler.go:59.2,60.56 2 0
TokoGadget/mocks/Handler.go:60.56,62.3 1 0
TokoGadget/mocks/Handler.go:62.8,63.24 1 0
TokoGadget/mocks/Handler.go:63.24,65.4 1 0
TokoGadget/mocks/Handler.go:68.2,68.11 1 0
TokoGadget/mocks/Handler.go:72.48,75.19 2 0
TokoGadget/mocks/Handler.go:75.19,76.50 1 0
TokoGadget/mocks/Handler.go:79.2,80.56 2 0
TokoGadget/mocks/Handler.go:80.56,82.3 1 0
TokoGadget/mocks/Handler.go:82.8,83.24 1 0
TokoGadget/mocks/Handler.go:83.24,85.4 1 0
TokoGadget/mocks/Handler.go:88.2,88.11 1 0
TokoGadget/mocks/Handler.go:92.49,95.19 2 0
TokoGadget/mocks/Handler.go:95.19,96.48 1 0
TokoGadget/mocks/Handler.go:99.2,100.57 2 0
TokoGadget/mocks/Handler.go:100.57,102.3 1 0
TokoGadget/mocks/Handler.go:102.8,104.3 1 0
TokoGadget/mocks/Handler.go:106.2,106.11 1 0
TokoGadget/mocks/Handler.go:114.13,118.19 3 0
TokoGadget/mocks/Handler.go:118.19,118.49 1 0
TokoGadget/mocks/Handler.go:120.2,120.13 1 0
TokoGadget/mocks/MidtransInterface.go:13.89,16.19 2 0
TokoGadget/mocks/MidtransInterface.go:16.19,17.56 1 0
TokoGadget/mocks/MidtransInterface.go:20.2,22.66 3 0
TokoGadget/mocks/MidtransInterface.go:22.66,24.3 1 0
TokoGadget/mocks/MidtransInterface.go:25.2,25.57 1 0
TokoGadget/mocks/MidtransInterface.go:25.57,27.3 1 0
TokoGadget/mocks/MidtransInterface.go:27.8,29.3 1 0
TokoGadget/mocks/MidtransInterface.go:31.2,31.56 1 0
TokoGadget/mocks/MidtransInterface.go:31.56,33.3 1 0
TokoGadget/mocks/MidtransInterface.go:33.8,35.3 1 0
TokoGadget/mocks/MidtransInterface.go:37.2,37.15 1 0
TokoGadget/mocks/MidtransInterface.go:45.23,49.19 3 0
TokoGadget/mocks/MidtransInterface.go:49.19,49.49 1 0
TokoGadget/mocks/MidtransInterface.go:51.2,51.13 1 0
TokoGadget/mocks/PHandler.go:16.51,19.19 2 0
TokoGadget/mocks/PHandler.go:19.19,20.52 1 0
TokoGadget/mocks/PHandler.go:23.2,24.56 2 0
TokoGadget/mocks/PHandler.go:24.56,26.3 1 0
TokoGadget/mocks/PHandler.go:26.8,27.24 1 0
TokoGadget/mocks/PHandler.go:27.24,29.4 1 0
TokoGadget/mocks/PHandler.go:32.2,32.11 1 0
TokoGadget/mocks/PHandler.go:36.54,39.19 2 0
TokoGadget/mocks/PHandler.go:39.19,40.55 1 0
TokoGadget/mocks/PHandler.go:43.2,44.56 2 0
TokoGadget/mocks/PHandler.go:44.56,46.3 1 0
TokoGadget/mocks/PHandler.go:46.8,47.24 1 0
TokoGadget/mocks/PHandler.go:47.24,49.4 1 0
TokoGadget/mocks/PHandler.go:52.2,52.11 1 0
TokoGadget/mocks/PHandler.go:56.55,59.19 2 0
TokoGadget/mocks/PHandler.go:59.19,60.56 1 0
TokoGadget/mocks/PHandler.go:63.2,64.56 2 0
TokoGadget/mocks/PHandler.go:64.56,66.3 1 0
TokoGadget/mocks/PHandler.go:66.8,67.24 1 0
TokoGadget/mocks/PHandler.go:67.24,69.4 1 0
TokoGadget/mocks/PHandler.go:72.2,72.11 1 0
TokoGadget/mocks/PHandler.go:76.55,79.19 2 0
TokoGadget/mocks/PHandler.go:79.19,80.56 1 0
TokoGadget/mocks/PHandler.go:83.2,84.56 2 0
TokoGadget/mocks/PHandler.go:84.56,86.3 1 0
TokoGadget/mocks/PHandler.go:86.8,87.24 1 0
TokoGadget/mocks/PHandler.go:87.24,89.4 1 0
TokoGadget/mocks/PHandler.go:92.2,92.11 1 0
TokoGadget/mocks/PHandler.go:96.58,99.19 2 0
TokoGadget/mocks/PHandler.go:99.19,100.59 1 0
TokoGadget/mocks/PHandler.go:103.2,104.56 2 0
TokoGadget/mocks/PHandler.go:104.56,106.3 1 0
TokoGadget/mocks/PHandler.go:106.8,107.24 1 0
TokoGadget/mocks/PHandler.go:107.24,109.4 1 0
TokoGadget/mocks/PHandler.go:112.2,112.11 1 0
TokoGadget/mocks/PHandler.go:120.14,124.19 3 0
TokoGadget/mocks/PHandler.go:124.19,124.49 1 0
TokoGadget/mocks/PHandler.go:126.2,126.13 1 0
TokoGadget/mocks/PQuery.go:19.65,22.19 2 0
TokoGadget/mocks/PQuery.go:22.19,23.52 1 0
TokoGadget/mocks/PQuery.go:26.2,27.61 2 0
TokoGadget/mocks/PQuery.go:27.61,29.3 1 0
TokoGadget/mocks/PQuery.go:29.8,31.3 1 0
TokoGadget/mocks/PQuery.go:33.2,33.11 1 0
TokoGadget/mocks/PQuery.go:37.64,40.19 2 0
TokoGadget/mocks/PQuery.go:40.19,41.58 1 0
TokoGadget/mocks/PQuery.go:44.2,46.60 3 0
TokoGadget/mocks/PQuery.go:46.60,48.3 1 0
TokoGadget/mocks/PQuery.go:49.2,49.51 1 0
TokoGadget/mocks/PQuery.go:49.51,51.3 1 0
TokoGadget/mocks/PQuery.go:51.8,53.3 1 0
TokoGadget/mocks/PQuery.go:55.2,55.51 1 0
TokoGadget/mocks/PQuery.go:55.51,57.3 1 0
TokoGadget/mocks/PQuery.go:57.8,59.3 1 0
TokoGadget/mocks/PQuery.go:61.2,61.15 1 0
TokoGadget/mocks/PQuery.go:65.82,68.19 2 0
TokoGadget/mocks/PQuery.go:68.19,69.63 1 0
TokoGadget/mocks/PQuery.go:72.2,74.66 3 0
TokoGadget/mocks/PQuery.go:74.66,76.3 1 0
TokoGadget/mocks/PQuery.go:77.2,77.57 1 0
TokoGadget/mocks/PQuery.go:77.57,79.3 1 0
TokoGadget/mocks/PQuery.go:79.8,81.3 1 0
TokoGadget/mocks/PQuery.go:83.2,83.57 1 0
TokoGadget/mocks/PQuery.go:83.57,85.3 1 0
TokoGadget/mocks/PQuery.go:85.8,87.3 1 0
TokoGadget/mocks/PQuery.go:89.2,89.15 1 0
TokoGadget/mocks/PQuery.go:93.48,96.19 2 0
TokoGadget/mocks/PQuery.go:96.19,97.55 1 0
TokoGadget/mocks/PQuery.go:100.2,101.49 2 0
TokoGadget/mocks/PQuery.go:101.49,103.3 1 0
TokoGadget/mocks/PQuery.go:103.8,105.3 1 0
TokoGadget/mocks/PQuery.go:107.2,107.11 1 0
TokoGadget/mocks/PQuery.go:111.98,114.19 2 0
TokoGadget/mocks/PQuery.go:114.19,115.56 1 0
TokoGadget/mocks/PQuery.go:118.2,120.83 3 0
TokoGadget/mocks/PQuery.go:120.83,122.3 1 0
TokoGadget/mocks/PQuery.go:123.2,123.74 1 0
TokoGadget/mocks/PQuery.go:123.74,125.3 1 0
TokoGadget/mocks/PQuery.go:125.8,126.24 1 0
TokoGadget/mocks/PQuery.go:126.24,128.4 1 0
TokoGadget/mocks/PQuery.go:131.2,131.61 1 0
TokoGadget/mocks/PQuery.go:131.61,133.3 1 0
TokoGadget/mocks/PQuery.go:133.8,135.3 1 0
TokoGadget/mocks/PQuery.go:137.2,137.15 1 0
TokoGadget/mocks/PQuery.go:141.81,144.19 2 0
TokoGadget/mocks/PQuery.go:144.19,145.56 1 0
TokoGadget/mocks/PQuery.go:148.2,151.81 4 0
TokoGadget/mocks/PQuery.go:151.81,153.3 1 0
TokoGadget/mocks/PQuery.go:154.2,154.60 1 0
TokoGadget/mocks/PQuery.go:154.60,156.3 1 0
TokoGadget/mocks/PQuery.go:156.8,158.3 1 0
TokoGadget/mocks/PQuery.go:160.2,160.54 1 0
TokoGadget/mocks/PQuery.go:160.54,162.3 1 0
TokoGadget/mocks/PQuery.go:162.8,164.3 1 0
TokoGadget/mocks/PQuery.go:166.2,166.49 1 0
TokoGadget/mocks/PQuery.go:166.49,168.3 1 0
TokoGadget/mocks/PQuery.go:168.8,170.3 1 0
TokoGadget/mocks/PQuery.go:172.2,172.19 1 0
TokoGadget/mocks/PQuery.go:176.117,179.19 2 0
TokoGadget/mocks/PQuery.go:179.19,180.61 1 0
TokoGadget/mocks/PQuery.go:183.2,185.89 3 0
TokoGadget/mocks/PQuery.go:185.89,187.3 1 0
TokoGadget/mocks/PQuery.go:188.2,188.80 1 0
TokoGadget/mocks/PQuery.go:188.80,190.3 1 0
TokoGadget/mocks/PQuery.go:190.8,191.24 1 0
TokoGadget/mocks/PQuery.go:191.24,193.4 1 0
TokoGadget/mocks/PQuery.go:196.2,196.67 1 0
TokoGadget/mocks/PQuery.go:196.67,198.3 1 0
TokoGadget/mocks/PQuery.go:198.8,200.3 1 0
TokoGadget/mocks/PQuery.go:202.2,202.15 1 0
TokoGadget/mocks/PQuery.go:206.85,209.19 2 0
TokoGadget/mocks/PQuery.go:209.19,210.59 1 0
TokoGadget/mocks/PQuery.go:213.2,214.67 2 0
TokoGadget/mocks/PQuery.go:214.67,216.3 1 0
TokoGadget/mocks/PQuery.go:216.8,218.3 1 0
TokoGadget/mocks/PQuery.go:220.2,220.11 1 0
TokoGadget/mocks/PQuery.go:228.12,232.19 3 0
TokoGadget/mocks/PQuery.go:232.19,232.49 1 0
TokoGadget/mocks/PQuery.go:234.2,234.13 1 0
TokoGadget/mocks/PServices.go:19.68,22.19 2 0
TokoGadget/mocks/PServices.go:22.19,23.52 1 0
TokoGadget/mocks/PServices.go:26.2,27.61 2 0
TokoGadget/mocks/PServices.go:27.61,29.3 1 0
TokoGadget/mocks/PServices.go:29.8,31.3 1 0
TokoGadget/mocks/PServices.go:33.2,33.11 1 0
TokoGadget/mocks/PServices.go:37.67,40.19 2 0
TokoGadget/mocks/PServices.go:40.19,41.58 1 0
TokoGadget/mocks/PServices.go:44.2,46.60 3 0
TokoGadget/mocks/PServices.go:46.60,48.3 1 0
TokoGadget/mocks/PServices.go:49.2,49.51 1 0
TokoGadget/mocks/PServices.go:49.51,51.3 1 0
TokoGadget/mocks/PServices.go:51.8,53.3 1 0
TokoGadget/mocks/PServices.go:55.2,55.51 1 0
TokoGadget/mocks/PServices.go:55.51,57.3 1 0
TokoGadget/mocks/PServices.go:57.8,59.3 1 0
TokoGadget/mocks/PServices.go:61.2,61.15 1 0
TokoGadget/mocks/PServices.go:65.85,68.19 2 0
TokoGadget/mocks/PServices.go:68.19,69.63 1 0
TokoGadget/mocks/PServices.go:72.2,74.66 3 0
TokoGadget/mocks/PServices.go:74.66,76.3 1 0
TokoGadget/mocks/PServices.go:77.2,77.57 1 0
TokoGadget/mocks/PServices.go:77.57,79.3 1 0
TokoGadget/mocks/PServices.go:79.8,81.3 1 0
TokoGadget/mocks/PServices.go:83.2,83.57 1 0
TokoGadget/mocks/PServices.go:83.57,85.3 1 0
TokoGadget/mocks/PServices.go:85.8,87.3 1 0
TokoGadget/mocks/PServices.go:89.2,89.15 1 0
TokoGadget/mocks/PServices.go:93.51,96.19 2 0
TokoGadget/mocks/PServices.go:96.19,97.55 1 0
TokoGadget/mocks/PServices.go:100.2,101.49 2 0
TokoGadget/mocks/PServices.go:101.49,103.3 1 0
TokoGadget/mocks/PServices.go:103.8,105.3 1 0
TokoGadget/mocks/PServices.go:107.2,107.11 1 0
TokoGadget/mocks/PServices.go:111.101,114.19 2 0
TokoGadget/mocks/PServices.go:114.19,115.56 1 0
TokoGadget/mocks/PServices.go:118.2,120.83 3 0
TokoGadget/mocks/PServices.go:120.83,122.3 1 0
TokoGadget/mocks/PServices.go:123.2,123.74 1 0
TokoGadget/mocks/PServices.go:123.74,125.3 1 0
TokoGadget/mocks/PServices.go:125.8,126.24 1 0
TokoGadget/mocks/PServices.go:126.24,128.4 1 0
TokoGadget/mocks/PServices.go:131.2,131.61 1 0
TokoGadget/mocks/PServices.go:131.61,133.3 1 0
TokoGadget/mocks/PServices.go:133.8,135.3 1 0
TokoGadget/mocks/PServices.go:137.2,137.15 1 0
TokoGadget/mocks/PServices.go:141.84,144.19 2 0
TokoGadget/mocks/PServices.go:144.19,145.56 1 0
TokoGadget/mocks/PServices.go:148.2,151.81 4 0
TokoGadget/mocks/PServices.go:151.81,153.3 1 0
TokoGadget/mocks/PServices.go:154.2,154.60 1 0
TokoGadget/mocks/PServices.go:154.60,156.3 1 0
TokoGadget/mocks/PServices.go:156.8,158.3 1 0
TokoGadget/mocks/PServices.go:160.2,160.54 1 0
TokoGadget/mocks/PServices.go:160.54,162.3 1 0
TokoGadget/mocks/PServices.go:162.8,164.3 1 0
TokoGadget/mocks/PServices.go:166.2,166.49 1 0
TokoGadget/mocks/PServices.go:166.49,168.3 1 0
TokoGadget/mocks/PServices.go:168.8,170.3 1 0
TokoGadget/mocks/PServices.go:172.2,172.19 1 0
TokoGadget/mocks/PServices.go:176.120,179.19 2 0
TokoGadget/mocks/PServices.go:179.19,180.61 1 0
TokoGadget/mocks/PServices.go:183.2,185.89 3 0
TokoGadget/mocks/PServices.go:185.89,187.3 1 0
TokoGadget/mocks/PServices.go:188.2,188.80 1 0
TokoGadget/mocks/PServices.go:188.80,190.3 1 0
TokoGadget/mocks/PServices.go:190.8,191.24 1 0
TokoGadget/mocks/PServices.go:191.24,193.4 1 0
TokoGadget/mocks/PServices.go:196.2,196.67 1 0
TokoGadget/mocks/PServices.go:196.67,198.3 1 0
TokoGadget/mocks/PServices.go:198.8,200.3 1 0
TokoGadget/mocks/PServices.go:202.2,202.15 1 0
TokoGadget/mocks/PServices.go:206.88,209.19 2 0
TokoGadget/mocks/PServices.go:209.19,210.59 1 0
TokoGadget/mocks/PServices.go:213.2,214.67 2 0
TokoGadget/mocks/PServices.go:214.67,216.3 1 0
TokoGadget/mocks/PServices.go:216.8,218.3 1 0
TokoGadget/mocks/PServices.go:220.2,220.11 1 0
TokoGadget/mocks/PServices.go:228.15,232.19 3 0
TokoGadget/mocks/PServices.go:232.19,232.49 1 0
TokoGadget/mocks/PServices.go:234.2,234.13 1 0
TokoGadget/mocks/PasswordUtilityInterface.go:13.81,16.19 2 0
TokoGadget/mocks/PasswordUtilityInterface.go:16.19,17.55 1 0
TokoGadget/mocks/PasswordUtilityInterface.go:20.2,21.59 2 0
TokoGadget/mocks/PasswordUtilityInterface.go:21.59,23.3 1 0
TokoGadget/mocks/PasswordUtilityInterface.go:23.8,25.3 1 0
TokoGadget/mocks/PasswordUtilityInterface.go:27.2,27.11 1 0
TokoGadget/mocks/PasswordUtilityInterface.go:31.82,34.19 2 0
TokoGadget/mocks/PasswordUtilityInterface.go:34.19,35.58 1 0
TokoGadget/mocks/PasswordUtilityInterface.go:38.2,40.61 3 0
TokoGadget/mocks/PasswordUtilityInterface.go:40.61,42.3 1 0
TokoGadget/mocks/PasswordUtilityInterface.go:43.2,43.52 1 0
TokoGadget/mocks/PasswordUtilityInterface.go:43.52,45.3 1 0
TokoGadget/mocks/PasswordUtilityInterface.go:45.8,46.24 1 0
TokoGadget/mocks/PasswordUtilityInterface.go:46.24,48.4 1 0
TokoGadget/mocks/PasswordUtilityInterface.go:51.2,51.51 1 0
TokoGadget/mocks/PasswordUtilityInterface.go:51.51,53.3 1 0
TokoGadget/mocks/PasswordUtilityInterface.go:53.8,55.3 1 0
TokoGadget/mocks/PasswordUtilityInterface.go:57.2,57.15 1 0
TokoGadget/mocks/PasswordUtilityInterface.go:65.30,69.19 3 0
TokoGadget/mocks/PasswordUtilityInterface.go:69.19,69.49 1 0
TokoGadget/mocks/PasswordUtilityInterface.go:71.2,71.13 1 0
TokoGadget/mocks/Query.go:17.51,20.19 2 0
TokoGadget/mocks/Query.go:20.19,21.55 1 0
TokoGadget/mocks/Query.go:24.2,25.49 2 0
TokoGadget/mocks/Query.go:25.49,27.3 1 0
TokoGadget/mocks/Query.go:27.8,29.3 1 0
TokoGadget/mocks/Query.go:31.2,31.11 1 0
TokoGadget/mocks/Query.go:35.67,38.19 2 0
TokoGadget/mocks/Query.go:38.19,39.56 1 0
TokoGadget/mocks/Query.go:42.2,44.64 3 0
TokoGadget/mocks/Query.go:44.64,46.3 1 0
TokoGadget/mocks/Query.go:47.2,47.55 1 0
TokoGadget/mocks/Query.go:47.55,49.3 1 0
TokoGadget/mocks/Query.go:49.8,50.24 1 0
TokoGadget/mocks/Query.go:50.24,52.4 1 0
TokoGadget/mocks/Query.go:55.2,55.49 1 0
TokoGadget/mocks/Query.go:55.49,57.3 1 0
TokoGadget/mocks/Query.go:57.8,59.3 1 0
TokoGadget/mocks/Query.go:61.2,61.15 1 0
TokoGadget/mocks/Query.go:65.58,68.19 2 0
TokoGadget/mocks/Query.go:68.19,69.47 1 0
TokoGadget/mocks/Query.go:72.2,74.65 3 0
TokoGadget/mocks/Query.go:74.65,76.3 1 0
TokoGadget/mocks/Query.go:77.2,77.56 1 0
TokoGadget/mocks/Query.go:77.56,79.3 1 0
TokoGadget/mocks/Query.go:79.8,81.3 1 0
TokoGadget/mocks/Query.go:83.2,83.51 1 0
TokoGadget/mocks/Query.go:83.51,85.3 1 0
TokoGadget/mocks/Query.go:85.8,87.3 1 0
TokoGadget/mocks/Query.go:89.2,89.15 1 0
TokoGadget/mocks/Query.go:93.53,96.19 2 0
TokoGadget/mocks/Query.go:96.19,97.50 1 0
TokoGadget/mocks/Query.go:100.2,101.55 2 0
TokoGadget/mocks/Query.go:101.55,103.3 1 0
TokoGadget/mocks/Query.go:103.8,105.3 1 0
TokoGadget/mocks/Query.go:107.2,107.11 1 0
TokoGadget/mocks/Query.go:111.71,114.19 2 0
TokoGadget/mocks/Query.go:114.19,115.55 1 0
TokoGadget/mocks/Query.go:118.2,119.61 2 0
TokoGadget/mocks/Query.go:119.61,121.3 1 0
TokoGadget/mocks/Query.go:121.8,123.3 1 0
TokoGadget/mocks/Query.go:125.2,125.11 1 0
TokoGadget/mocks/Query.go:133.11,137.19 3 0
TokoGadget/mocks/Query.go:137.19,137.49 1 0
TokoGadget/mocks/Query.go:139.2,139.13 1 0
TokoGadget/mocks/Services.go:17.54,20.19 2 0
TokoGadget/mocks/Services.go:20.19,21.55 1 0
TokoGadget/mocks/Services.go:24.2,25.49 2 0
TokoGadget/mocks/Services.go:25.49,27.3 1 0
TokoGadget/mocks/Services.go:27.8,29.3 1 0
TokoGadget/mocks/Services.go:31.2,31.11 1 0
TokoGadget/mocks/Services.go:35.66,38.19 2 0
TokoGadget/mocks/Services.go:38.19,39.52 1 0
TokoGadget/mocks/Services.go:42.2,44.64 3 0
TokoGadget/mocks/Services.go:44.64,46.3 1 0
TokoGadget/mocks/Services.go:47.2,47.55 1 0
TokoGadget/mocks/Services.go:47.55,49.3 1 0
TokoGadget/mocks/Services.go:49.8,50.24 1 0
TokoGadget/mocks/Services.go:50.24,52.4 1 0
TokoGadget/mocks/Services.go:55.2,55.49 1 0
TokoGadget/mocks/Services.go:55.49,57.3 1 0
TokoGadget/mocks/Services.go:57.8,59.3 1 0
TokoGadget/mocks/Services.go:61.2,61.15 1 0
TokoGadget/mocks/Services.go:65.86,68.19 2 0
TokoGadget/mocks/Services.go:68.19,69.47 1 0
TokoGadget/mocks/Services.go:72.2,75.81 4 0
TokoGadget/mocks/Services.go:75.81,77.3 1 0
TokoGadget/mocks/Services.go:78.2,78.64 1 0
TokoGadget/mocks/Services.go:78.64,80.3 1 0
TokoGadget/mocks/Services.go:80.8,82.3 1 0
TokoGadget/mocks/Services.go:84.2,84.60 1 0
TokoGadget/mocks/Services.go:84.60,86.3 1 0
TokoGadget/mocks/Services.go:86.8,88.3 1 0
TokoGadget/mocks/Services.go:90.2,90.59 1 0
TokoGadget/mocks/Services.go:90.59,92.3 1 0
TokoGadget/mocks/Services.go:92.8,94.3 1 0
TokoGadget/mocks/Services.go:96.2,96.19 1 0
TokoGadget/mocks/Services.go:100.56,103.19 2 0
TokoGadget/mocks/Services.go:103.19,104.50 1 0
TokoGadget/mocks/Services.go:107.2,108.55 2 0
TokoGadget/mocks/Services.go:108.55,110.3 1 0
TokoGadget/mocks/Services.go:110.8,112.3 1 0
TokoGadget/mocks/Services.go:114.2,114.11 1 0
TokoGadget/mocks/Services.go:118.75,121.19 2 0
TokoGadget/mocks/Services.go:121.19,122.55 1 0
TokoGadget/mocks/Services.go:125.2,126.61 2 0
TokoGadget/mocks/Services.go:126.61,128.3 1 0
TokoGadget/mocks/Services.go:128.8,130.3 1 0
TokoGadget/mocks/Services.go:132.2,132.11 1 0
TokoGadget/mocks/Services.go:140.14,144.19 3 0
TokoGadget/mocks/Services.go:144.19,144.49 1 0
TokoGadget/mocks/Services.go:146.2,146.13 1 0
TokoGadget/mocks/THandler.go:16.62,19.19 2 0
TokoGadget/mocks/THandler.go:19.19,20.60 1 0
TokoGadget/mocks/THandler.go:23.2,24.57 2 0
TokoGadget/mocks/THandler.go:24.57,26.3 1 0
TokoGadget/mocks/THandler.go:26.8,28.3 1 0
TokoGadget/mocks/THandler.go:30.2,30.11 1 0
TokoGadget/mocks/THandler.go:34.54,37.19 2 0
TokoGadget/mocks/THandler.go:37.19,38.50 1 0
TokoGadget/mocks/THandler.go:41.2,42.57 2 0
TokoGadget/mocks/THandler.go:42.57,44.3 1 0
TokoGadget/mocks/THandler.go:44.8,46.3 1 0
TokoGadget/mocks/THandler.go:48.2,48.11 1 0
TokoGadget/mocks/THandler.go:52.63,55.19 2 0
TokoGadget/mocks/THandler.go:55.19,56.59 1 0
TokoGadget/mocks/THandler.go:59.2,60.57 2 0
TokoGadget/mocks/THandler.go:60.57,62.3 1 0
TokoGadget/mocks/THandler.go:62.8,64.3 1 0
TokoGadget/mocks/THandler.go:66.2,66.11 1 0
TokoGadget/mocks/THandler.go:70.64,73.19 2 0
TokoGadget/mocks/THandler.go:73.19,74.60 1 0
TokoGadget/mocks/THandler.go:77.2,78.57 2 0
TokoGadget/mocks/THandler.go:78.57,80.3 1 0
TokoGadget/mocks/THandler.go:80.8,82.3 1 0
TokoGadget/mocks/THandler.go:84.2,84.11 1 0
TokoGadget/mocks/THandler.go:88.60,91.19 2 0
TokoGadget/mocks/THandler.go:91.19,92.56 1 0
TokoGadget/mocks/THandler.go:95.2,96.57 2 0
TokoGadget/mocks/THandler.go:96.57,98.3 1 0
TokoGadget/mocks/THandler.go:98.8,100.3 1 0
TokoGadget/mocks/THandler.go:102.2,102.11 1 0
TokoGadget/mocks/THandler.go:110.14,114.19 3 0
TokoGadget/mocks/THandler.go:114.19,114.49 1 0
TokoGadget/mocks/THandler.go:116.2,116.13 1 0
TokoGadget/mocks/TQuery.go:17.87,20.19 2 1
TokoGadget/mocks/TQuery.go:20.19,21.65 1 0
TokoGadget/mocks/TQuery.go:24.2,26.77 3 1
TokoGadget/mocks/TQuery.go:26.77,28.3 1 0
TokoGadget/mocks/TQuery.go:29.2,29.68 1 1
TokoGadget/mocks/TQuery.go:29.68,31.3 1 0
TokoGadget/mocks/TQuery.go:31.8,33.3 1 1
TokoGadget/mocks/TQuery.go:35.2,35.49 1 1
TokoGadget/mocks/TQuery.go:35.49,37.3 1 0
TokoGadget/mocks/TQuery.go:37.8,39.3 1 1
TokoGadget/mocks/TQuery.go:41.2,41.15 1 1
TokoGadget/mocks/TQuery.go:45.74,48.19 2 0
TokoGadget/mocks/TQuery.go:48.19,49.52 1 0
TokoGadget/mocks/TQuery.go:52.2,54.77 3 0
TokoGadget/mocks/TQuery.go:54.77,56.3 1 0
TokoGadget/mocks/TQuery.go:57.2,57.69 1 0
TokoGadget/mocks/TQuery.go:57.69,59.3 1 0
TokoGadget/mocks/TQuery.go:59.8,60.24 1 0
TokoGadget/mocks/TQuery.go:60.24,62.4 1 0
TokoGadget/mocks/TQuery.go:65.2,65.48 1 0
TokoGadget/mocks/TQuery.go:65.48,67.3 1 0
TokoGadget/mocks/TQuery.go:67.8,69.3 1 0
TokoGadget/mocks/TQuery.go:71.2,71.15 1 0
TokoGadget/mocks/TQuery.go:75.44,78.19 2 0
TokoGadget/mocks/TQuery.go:78.19,79.50 1 0
TokoGadget/mocks/TQuery.go:82.2,83.49 2 0
TokoGadget/mocks/TQuery.go:83.49,85.3 1 0
TokoGadget/mocks/TQuery.go:85.8,87.3 1 0
TokoGadget/mocks/TQuery.go:89.2,89.11 1 0
TokoGadget/mocks/TQuery.go:93.53,96.19 2 1
TokoGadget/mocks/TQuery.go:96.19,97.59 1 0
TokoGadget/mocks/TQuery.go:100.2,101.49 2 1
TokoGadget/mocks/TQuery.go:101.49,103.3 1 0
TokoGadget/mocks/TQuery.go:103.8,105.3 1 1
TokoGadget/mocks/TQuery.go:107.2,107.11 1 1
TokoGadget/mocks/TQuery.go:111.53,114.19 2 0
TokoGadget/mocks/TQuery.go:114.19,115.59 1 0
TokoGadget/mocks/TQuery.go:118.2,119.49 2 0
TokoGadget/mocks/TQuery.go:119.49,121.3 1 0
TokoGadget/mocks/TQuery.go:121.8,123.3 1 0
TokoGadget/mocks/TQuery.go:125.2,125.11 1 0
TokoGadget/mocks/TQuery.go:129.84,132.19 2 0
TokoGadget/mocks/TQuery.go:132.19,133.60 1 0
TokoGadget/mocks/TQuery.go:136.2,138.79 3 0
TokoGadget/mocks/TQuery.go:138.79,140.3 1 0
TokoGadget/mocks/TQuery.go:141.2,141.70 1 0
TokoGadget/mocks/TQuery.go:141.70,143.3 1 0
TokoGadget/mocks/TQuery.go:143.8,144.24 1 0
TokoGadget/mocks/TQuery.go:144.24,146.4 1 0
TokoGadget/mocks/TQuery.go:149.2,149.49 1 0
TokoGadget/mocks/TQuery.go:149.49,151.3 1 0
TokoGadget/mocks/TQuery.go:151.8,153.3 1 0
TokoGadget/mocks/TQuery.go:155.2,155.15 1 0
TokoGadget/mocks/TQuery.go:159.75,162.19 2 0
TokoGadget/mocks/TQuery.go:162.19,163.59 1 0
TokoGadget/mocks/TQuery.go:166.2,167.71 2 0
TokoGadget/mocks/TQuery.go:167.71,169.3 1 0
TokoGadget/mocks/TQuery.go:169.8,171.3 1 0
TokoGadget/mocks/TQuery.go:173.2,173.11 1 0
TokoGadget/mocks/TQuery.go:177.78,180.19 2 0
TokoGadget/mocks/TQuery.go:180.19,181.56 1 0
TokoGadget/mocks/TQuery.go:184.2,186.77 3 0
TokoGadget/mocks/TQuery.go:186.77,188.3 1 0
TokoGadget/mocks/TQuery.go:189.2,189.68 1 0
TokoGadget/mocks/TQuery.go:189.68,191.3 1 0
TokoGadget/mocks/TQuery.go:191.8,193.3 1 0
TokoGadget/mocks/TQuery.go:195.2,195.49 1 0
TokoGadget/mocks/TQuery.go:195.49,197.3 1 0
TokoGadget/mocks/TQuery.go:197.8,199.3 1 0
TokoGadget/mocks/TQuery.go:201.2,201.15 1 0
TokoGadget/mocks/TQuery.go:205.68,208.19 2 0
TokoGadget/mocks/TQuery.go:208.19,209.53 1 0
TokoGadget/mocks/TQuery.go:212.2,213.70 2 0
TokoGadget/mocks/TQuery.go:213.70,215.3 1 0
TokoGadget/mocks/TQuery.go:215.8,217.3 1 0
TokoGadget/mocks/TQuery.go:219.2,219.11 1 0
TokoGadget/mocks/TQuery.go:223.68,226.19 2 0
TokoGadget/mocks/TQuery.go:226.19,227.53 1 0
TokoGadget/mocks/TQuery.go:230.2,231.70 2 0
TokoGadget/mocks/TQuery.go:231.70,233.3 1 0
TokoGadget/mocks/TQuery.go:233.8,235.3 1 0
TokoGadget/mocks/TQuery.go:237.2,237.11 1 0
TokoGadget/mocks/TQuery.go:245.12,249.19 3 1
TokoGadget/mocks/TQuery.go:249.19,249.49 1 1
TokoGadget/mocks/TQuery.go:251.2,251.13 1 1
TokoGadget/mocks/TServices.go:17.73,20.19 2 0
TokoGadget/mocks/TServices.go:20.19,21.50 1 0
TokoGadget/mocks/TServices.go:24.2,27.65 4 0
TokoGadget/mocks/TServices.go:27.65,29.3 1 0
TokoGadget/mocks/TServices.go:30.2,30.50 1 0
TokoGadget/mocks/TServices.go:30.50,32.3 1 0
TokoGadget/mocks/TServices.go:32.8,34.3 1 0
TokoGadget/mocks/TServices.go:36.2,36.48 1 0
TokoGadget/mocks/TServices.go:36.48,38.3 1 0
TokoGadget/mocks/TServices.go:38.8,40.3 1 0
TokoGadget/mocks/TServices.go:42.2,42.49 1 0
TokoGadget/mocks/TServices.go:42.49,44.3 1 0
TokoGadget/mocks/TServices.go:44.8,46.3 1 0
TokoGadget/mocks/TServices.go:48.2,48.19 1 0
TokoGadget/mocks/TServices.go:52.56,55.19 2 0
TokoGadget/mocks/TServices.go:55.19,56.59 1 0
TokoGadget/mocks/TServices.go:59.2,60.49 2 0
TokoGadget/mocks/TServices.go:60.49,62.3 1 0
TokoGadget/mocks/TServices.go:62.8,64.3 1 0
TokoGadget/mocks/TServices.go:66.2,66.11 1 0
TokoGadget/mocks/TServices.go:70.87,73.19 2 0
TokoGadget/mocks/TServices.go:73.19,74.60 1 0
TokoGadget/mocks/TServices.go:77.2,79.79 3 0
TokoGadget/mocks/TServices.go:79.79,81.3 1 0
TokoGadget/mocks/TServices.go:82.2,82.70 1 0
TokoGadget/mocks/TServices.go:82.70,84.3 1 0
TokoGadget/mocks/TServices.go:84.8,85.24 1 0
TokoGadget/mocks/TServices.go:85.24,87.4 1 0
TokoGadget/mocks/TServices.go:90.2,90.49 1 0
TokoGadget/mocks/TServices.go:90.49,92.3 1 0
TokoGadget/mocks/TServices.go:92.8,94.3 1 0
TokoGadget/mocks/TServices.go:96.2,96.15 1 0
TokoGadget/mocks/TServices.go:100.81,103.19 2 0
TokoGadget/mocks/TServices.go:103.19,104.56 1 0
TokoGadget/mocks/TServices.go:107.2,109.77 3 0
TokoGadget/mocks/TServices.go:109.77,111.3 1 0
TokoGadget/mocks/TServices.go:112.2,112.68 1 0
TokoGadget/mocks/TServices.go:112.68,114.3 1 0
TokoGadget/mocks/TServices.go:114.8,116.3 1 0
TokoGadget/mocks/TServices.go:118.2,118.49 1 0
TokoGadget/mocks/TServices.go:118.49,120.3 1 0
TokoGadget/mocks/TServices.go:120.8,122.3 1 0
TokoGadget/mocks/TServices.go:124.2,124.15 1 0
TokoGadget/mocks/TServices.go:128.81,131.19 2 0
TokoGadget/mocks/TServices.go:131.19,132.64 1 0
TokoGadget/mocks/TServices.go:135.2,137.59 3 0
TokoGadget/mocks/TServices.go:137.59,139.3 1 0
TokoGadget/mocks/TServices.go:140.2,140.50 1 0
TokoGadget/mocks/TServices.go:140.50,142.3 1 0
TokoGadget/mocks/TServices.go:142.8,144.3 1 0
TokoGadget/mocks/TServices.go:146.2,146.49 1 0
TokoGadget/mocks/TServices.go:146.49,148.3 1 0
TokoGadget/mocks/TServices.go:148.8,150.3 1 0
TokoGadget/mocks/TServices.go:152.2,152.15 1 0
TokoGadget/mocks/TServices.go:160.15,164.19 3 0
TokoGadget/mocks/TServices.go:164.19,164.49 1 0
TokoGadget/mocks/TServices.go:166.2,166.13 1 0
TokoGadget/mocks/TokenUtilityInterface.go:16.67,19.19 2 0
TokoGadget/mocks/TokenUtilityInterface.go:19.19,20.53 1 0
TokoGadget/mocks/TokenUtilityInterface.go:23.2,24.54 2 0
TokoGadget/mocks/TokenUtilityInterface.go:24.54,26.3 1 0
TokoGadget/mocks/TokenUtilityInterface.go:26.8,28.3 1 0
TokoGadget/mocks/TokenUtilityInterface.go:30.2,30.11 1 0
TokoGadget/mocks/TokenUtilityInterface.go:34.74,37.19 2 0
TokoGadget/mocks/TokenUtilityInterface.go:37.19,38.55 1 0
TokoGadget/mocks/TokenUtilityInterface.go:41.2,43.59 3 0
TokoGadget/mocks/TokenUtilityInterface.go:43.59,45.3 1 0
TokoGadget/mocks/TokenUtilityInterface.go:46.2,46.50 1 0
TokoGadget/mocks/TokenUtilityInterface.go:46.50,48.3 1 0
TokoGadget/mocks/TokenUtilityInterface.go:48.8,50.3 1 0
TokoGadget/mocks/TokenUtilityInterface.go:52.2,52.49 1 0
TokoGadget/mocks/TokenUtilityInterface.go:52.49,54.3 1 0
TokoGadget/mocks/TokenUtilityInterface.go:54.8,56.3 1 0
TokoGadget/mocks/TokenUtilityInterface.go:58.2,58.15 1 0
TokoGadget/mocks/TokenUtilityInterface.go:66.27,70.19 3 0
TokoGadget/mocks/TokenUtilityInterface.go:70.19,70.49 1 0
TokoGadget/mocks/TokenUtilityInterface.go:72.2,72.13 1 0
